0,r,512
170000000,r,512
180000000,s,512
430000000,r,512
430000000,s,512
690000000,r,512
700000000,s,512
700000000,s,512
990000000,r,512
990000000,r,512
990000000,r,512
990000000,r,512
990000000,r,512
990000000,r,512
990000000,r,512
1120000000,r,512
1120000000,r,512
1120000000,r,512
1120000000,s,512
1380000000,r,512
1380000000,s,512
1680000000,r,512
1680000000,r,512
1930000000,s,512
1930000000,s,512
2200000000,r,512
2200000000,s,512
2300000000,r,512
2430000000,r,512
2430000000,r,512
2430000000,r,512
2430000000,s,512
2880000000,s,512
3220000000,r,512
3220000000,r,512
3220000000,r,512
3220000000,r,512
3300000000,r,512
3300000000,r,512
3300000000,r,512
3300000000,r,512
3300000000,r,512
3300000000,r,512
3300000000,r,512
3300000000,r,512
3300000000,r,512
3300000000,r,512
3300000000,r,512
3300000000,r,512
3300000000,r,512
3300000000,r,512
3300000000,r,512
3320000000,r,512
3320000000,r,512
3320000000,r,512
3320000000,r,512
3320000000,r,512
3320000000,r,512
3320000000,r,512
3320000000,r,512
3320000000,r,512
3320000000,r,512
3320000000,r,512
3320000000,r,512
3320000000,r,512
3320000000,r,512
3320000000,r,512
3320000000,r,512
3320000000,s,512
3320000000,r,512
3320000000,r,512
3320000000,r,512
3320000000,r,512
3320000000,r,512
3320000000,r,512
3380000000,r,512
3380000000,r,512
3380000000,r,512
3380000000,r,512
3380000000,r,512
3380000000,r,512
3380000000,r,512
3380000000,r,512
3380000000,r,512
3380000000,r,512
3380000000,r,512
3380000000,r,512
3380000000,r,512
3380000000,r,512
3380000000,r,512
3380000000,r,512
3380000000,r,512
3380000000,r,512
3390000000,r,512
3390000000,r,512
3390000000,r,512
3390000000,r,512
3390000000,r,512
3390000000,r,512
3390000000,r,512
3390000000,r,512
3390000000,r,512
3410000000,r,512
3410000000,r,512
3410000000,r,512
3410000000,r,512
3410000000,r,512
3410000000,r,512
3410000000,r,512
3410000000,r,512
3410000000,r,512
3410000000,r,512
3410000000,r,512
3410000000,r,512
3410000000,r,512
3410000000,r,512
3410000000,r,512
3410000000,s,512
3410000000,r,512
3410000000,r,512
3410000000,s,512
3410000000,r,512
3410000000,r,512
3410000000,r,512
3410000000,r,512
3410000000,r,512
3410000000,r,512
3410000000,r,512
3410000000,r,512
3410000000,r,512
3410000000,r,512
3410000000,r,512
3410000000,r,512
3410000000,r,512
3410000000,r,512
3410000000,r,512
3410000000,r,512
3410000000,r,512
3420000000,r,512
3420000000,r,512
3420000000,r,512
3420000000,r,512
3420000000,r,512
3420000000,r,512
3420000000,r,512
3420000000,r,512
3420000000,r,512
3420000000,r,512
3420000000,r,512
3420000000,r,512
3420000000,r,512
3420000000,r,512
3460000000,r,512
3460000000,r,512
3460000000,r,512
3460000000,r,512
3460000000,r,512
3460000000,r,512
3460000000,r,512
3460000000,r,512
3460000000,r,512
3460000000,r,512
3460000000,r,512
3460000000,r,512
3460000000,r,512
3460000000,r,512
3460000000,r,512
3460000000,r,512
3460000000,r,512
3460000000,r,512
3460000000,r,512
3460000000,s,512
3460000000,r,512
3460000000,r,512
3460000000,r,512
3460000000,r,512
3460000000,r,512
3460000000,r,512
3460000000,r,512
3460000000,r,512
3460000000,r,512
3460000000,r,512
3460000000,r,512
3460000000,r,512
3460000000,r,512
3460000000,r,512
3460000000,r,512
3460000000,r,512
3460000000,r,512
3460000000,r,512
3460000000,r,512
3460000000,r,512
3470000000,r,512
3470000000,r,512
3470000000,r,512
3470000000,r,512
3470000000,r,512
3470000000,r,512
3470000000,r,512
3470000000,r,512
3470000000,r,512
3470000000,r,512
3470000000,r,512
3470000000,r,512
3470000000,r,512
3470000000,r,512
3470000000,r,512
3490000000,r,512
3490000000,r,512
3490000000,r,512
3490000000,r,512
3490000000,r,512
3490000000,r,512
3490000000,r,512
3490000000,r,512
3490000000,r,512
3490000000,r,512
3490000000,r,512
3490000000,r,512
3490000000,r,512
3490000000,s,512
3490000000,r,512
3490000000,r,512
3490000000,s,512
3490000000,r,512
3490000000,r,512
3490000000,r,512
3490000000,r,512
3490000000,r,512
3490000000,r,512
3500000000,r,512
3500000000,r,512
3500000000,r,512
3500000000,r,512
3500000000,r,512
3500000000,r,512
3500000000,r,512
3500000000,r,512
3510000000,r,512
3510000000,r,512
3510000000,r,512
3510000000,r,512
3510000000,r,512
3510000000,r,512
3510000000,r,512
3510000000,r,512
3510000000,r,512
3510000000,r,512
3510000000,r,512
3510000000,r,512
3510000000,r,512
3510000000,r,512
3510000000,r,512
3510000000,r,512
3510000000,r,512
3510000000,r,512
3510000000,r,512
3510000000,r,512
3510000000,r,512
3510000000,r,512
3510000000,r,512
3510000000,r,512
3510000000,r,512
3510000000,r,512
3510000000,r,512
3510000000,r,512
3510000000,r,512
3510000000,r,512
3510000000,r,512
3510000000,r,512
3510000000,r,512
3510000000,r,512
3510000000,r,512
3510000000,r,512
3510000000,s,512
3510000000,r,512
3510000000,r,512
3510000000,r,512
3510000000,r,512
3510000000,r,512
3510000000,r,512
3510000000,r,512
3510000000,r,512
3510000000,r,512
3510000000,r,512
3510000000,r,512
3510000000,r,512
3510000000,r,512
3510000000,r,512
3510000000,r,512
3510000000,r,512
3510000000,r,512
3510000000,r,512
3510000000,r,512
3510000000,r,512
3510000000,r,512
3510000000,r,512
3510000000,r,512
3510000000,r,512
3510000000,r,512
3510000000,r,512
3510000000,r,512
3510000000,r,512
3510000000,r,512
3510000000,r,512
3510000000,r,512
3510000000,r,512
3510000000,r,512
3510000000,r,512
3510000000,r,512
3550000000,r,512
3550000000,r,512
3550000000,r,512
3550000000,r,512
3550000000,r,512
3550000000,r,512
3550000000,r,512
3550000000,r,512
3560000000,r,512
3560000000,r,512
3560000000,r,512
3560000000,r,512
3560000000,r,512
3560000000,s,512
3560000000,r,512
3560000000,r,512
3560000000,s,512
3570000000,r,512
3570000000,r,512
3570000000,r,512
3570000000,r,512
3590000000,r,512
3590000000,r,512
3590000000,r,512
3590000000,r,512
3590000000,r,512
3590000000,r,512
3590000000,r,512
3590000000,r,512
3590000000,r,512
3590000000,r,512
3590000000,r,512
3590000000,r,512
3590000000,r,512
3590000000,r,512
3590000000,r,512
3590000000,r,512
3590000000,r,512
3590000000,r,512
3590000000,r,512
3590000000,r,512
3590000000,r,512
3590000000,r,512
3590000000,r,512
3590000000,r,512
3590000000,r,512
3590000000,r,512
3590000000,r,512
3590000000,r,512
3590000000,r,512
3590000000,r,512
3590000000,r,512
3590000000,r,512
3590000000,r,512
3590000000,r,512
3590000000,r,512
3590000000,r,512
3590000000,r,512
3590000000,r,512
3590000000,r,512
3590000000,r,512
3590000000,r,512
3590000000,r,512
3590000000,r,512
3590000000,r,512
3590000000,r,512
3590000000,r,512
3590000000,r,512
3590000000,r,512
3590000000,r,512
3590000000,r,512
3590000000,r,512
3590000000,r,512
3590000000,r,512
3590000000,s,512
3590000000,r,512
3590000000,r,512
3590000000,r,512
3590000000,r,512
3590000000,r,512
3590000000,r,512
3590000000,r,512
3590000000,r,512
3590000000,r,512
3590000000,r,512
3590000000,r,512
3590000000,r,512
3590000000,r,512
3590000000,r,512
3590000000,r,512
3590000000,r,512
3590000000,r,512
3590000000,r,512
3590000000,r,512
3590000000,r,512
3590000000,r,512
3590000000,r,512
3590000000,r,512
3590000000,r,512
3590000000,r,512
3590000000,r,512
3590000000,r,512
3590000000,r,512
3590000000,r,512
3590000000,r,512
3590000000,r,512
3590000000,r,512
3590000000,r,512
3590000000,r,512
3590000000,r,512
3590000000,r,512
3590000000,r,512
3590000000,r,512
3590000000,r,512
3590000000,r,512
3590000000,r,512
3590000000,s,512
3590000000,r,512
3590000000,r,512
3590000000,r,512
3590000000,r,512
3590000000,r,512
3590000000,r,512
3590000000,s,512
3590000000,r,512
3590000000,r,512
3590000000,r,512
3590000000,r,512
3590000000,r,512
3590000000,r,512
3590000000,r,512
3590000000,r,512
3590000000,r,512
3590000000,r,512
3590000000,r,512
3590000000,r,512
3590000000,r,512
3590000000,r,512
3590000000,r,512
3590000000,r,512
3590000000,r,512
3590000000,r,512
3590000000,r,512
3590000000,r,512
3590000000,r,512
3590000000,r,512
3590000000,r,512
3590000000,r,512
3590000000,r,512
3590000000,r,512
3590000000,r,512
3590000000,r,512
3590000000,r,512
3590000000,r,512
3590000000,r,512
3590000000,r,512
3590000000,r,512
3590000000,r,512
3590000000,r,512
3590000000,r,512
3590000000,r,512
3590000000,r,512
3590000000,r,512
3590000000,r,512
3590000000,r,512
3590000000,r,512
3590000000,r,512
3590000000,r,512
3590000000,r,512
3590000000,r,512
3590000000,r,512
3590000000,r,512
3590000000,r,512
3590000000,r,512
3590000000,r,512
3590000000,r,512
3590000000,r,512
3590000000,r,512
3590000000,r,512
3590000000,r,512
3590000000,r,512
3590000000,r,512
3590000000,r,512
3590000000,r,512
3590000000,r,512
3590000000,r,512
3590000000,r,512
3590000000,r,512
3590000000,s,512
3590000000,r,512
3590000000,r,512
3590000000,r,512
3590000000,r,512
3590000000,r,512
3590000000,r,512
3590000000,r,512
3590000000,r,512
3590000000,r,512
3590000000,r,512
3590000000,r,512
3590000000,r,512
3590000000,r,512
3590000000,r,512
3590000000,r,512
3590000000,r,512
3590000000,r,512
3590000000,r,512
3590000000,r,512
3590000000,r,512
3590000000,r,512
3590000000,r,512
3590000000,r,512
3600000000,r,512
3600000000,r,512
3600000000,r,512
3600000000,r,512
3600000000,r,512
3600000000,r,512
3600000000,r,512
3600000000,s,512
3600000000,r,512
3600000000,r,512
3600000000,s,512
3600000000,r,512
3600000000,r,512
3600000000,r,512
3600000000,r,512
3600000000,r,512
3600000000,r,512
3600000000,r,512
3630000000,r,512
3630000000,r,512
3630000000,r,512
3630000000,r,512
3630000000,r,512
3630000000,r,512
3630000000,r,512
3630000000,r,512
3660000000,r,512
3660000000,r,512
3660000000,r,512
3660000000,r,512
3660000000,r,512
3660000000,r,512
3660000000,r,512
3690000000,r,512
3690000000,r,512
3690000000,r,512
3700000000,r,512
3700000000,r,512
3700000000,r,512
3700000000,r,512
3700000000,r,512
3710000000,r,512
3710000000,r,512
3710000000,r,512
3710000000,r,512
3710000000,r,512
3710000000,r,512
3710000000,r,512
3740000000,r,512
3740000000,r,512
3740000000,r,512
3790000000,r,512
3790000000,r,512
3790000000,r,512
3790000000,r,512
3790000000,r,512
3790000000,r,512
3790000000,r,512
3790000000,r,512
3790000000,r,512
3790000000,r,512
3790000000,s,512
3790000000,r,512
3790000000,r,512
3790000000,r,512
3790000000,r,512
3790000000,r,512
3790000000,r,512
3790000000,r,512
3790000000,r,512
3790000000,r,512
3790000000,r,512
3790000000,r,512
3790000000,r,512
3790000000,r,512
3790000000,r,512
3790000000,r,512
3790000000,r,512
3790000000,r,512
3790000000,r,512
3790000000,r,512
3790000000,r,512
3790000000,r,512
3790000000,r,512
3790000000,r,512
3790000000,r,512
3790000000,r,512
3790000000,r,512
3790000000,r,512
3790000000,r,512
3790000000,r,512
3790000000,r,512
3790000000,r,512
3790000000,r,512
3790000000,r,512
3790000000,r,512
3790000000,r,512
3790000000,r,512
3790000000,r,512
3790000000,r,512
3790000000,r,512
3790000000,r,512
3790000000,r,512
3790000000,r,512
3790000000,r,512
3790000000,r,512
3790000000,r,512
3790000000,r,512
3790000000,r,512
3790000000,r,512
3790000000,s,512
3790000000,r,512
3790000000,r,512
3790000000,r,512
3790000000,r,512
3790000000,r,512
3790000000,r,512
3790000000,r,512
3790000000,r,512
3790000000,r,512
3790000000,r,512
3790000000,r,512
3790000000,r,512
3790000000,r,512
3790000000,r,512
3790000000,s,512
3800000000,r,512
3800000000,r,512
3800000000,r,512
3800000000,r,512
3800000000,r,512
3800000000,r,512
3800000000,r,512
3800000000,r,512
3800000000,r,512
3800000000,r,512
3800000000,r,512
3800000000,r,512
3800000000,r,512
3800000000,r,512
3800000000,r,512
3800000000,r,512
3810000000,r,512
3810000000,r,512
3810000000,r,512
3810000000,r,512
3810000000,r,512
3810000000,r,512
3810000000,r,512
3810000000,r,512
3860000000,r,512
3860000000,r,512
3860000000,r,512
3860000000,r,512
3860000000,r,512
3860000000,r,512
3860000000,r,512
3860000000,r,512
3860000000,r,512
3860000000,r,512
3860000000,r,512
3860000000,r,512
3860000000,r,512
3860000000,r,512
3860000000,r,512
3860000000,r,512
3860000000,r,512
3860000000,r,512
3860000000,r,512
3860000000,r,512
3860000000,r,512
3860000000,r,512
3860000000,r,512
3860000000,s,512
3860000000,r,512
3860000000,r,512
3860000000,r,512
3860000000,r,512
3860000000,r,512
3860000000,r,512
3860000000,r,512
3860000000,r,512
3860000000,r,512
3860000000,r,512
3860000000,r,512
3860000000,r,512
3860000000,r,512
3860000000,r,512
3860000000,r,512
3860000000,r,512
3860000000,r,512
3860000000,r,512
3860000000,r,512
3860000000,r,512
3860000000,r,512
3860000000,r,512
3860000000,r,512
3860000000,r,512
3860000000,r,512
3860000000,r,512
3860000000,r,512
3860000000,r,512
3860000000,r,512
3860000000,r,512
3860000000,r,512
3860000000,r,512
3860000000,r,512
3860000000,r,512
3860000000,r,512
3860000000,r,512
3860000000,r,512
3860000000,r,512
3860000000,r,512
3860000000,s,512
3860000000,r,512
3860000000,r,512
3860000000,r,512
3860000000,r,512
3860000000,r,512
3860000000,r,512
3860000000,s,512
3870000000,r,512
3870000000,r,512
3870000000,r,512
3870000000,r,512
3870000000,r,512
3870000000,r,512
3870000000,r,512
3870000000,r,512
3870000000,r,512
3870000000,r,512
3870000000,r,512
3870000000,r,512
3870000000,r,512
3870000000,r,512
3870000000,r,512
3870000000,r,512
3940000000,r,512
3940000000,r,512
3940000000,r,512
3940000000,r,512
3940000000,r,512
3940000000,r,512
3940000000,r,512
4010000000,r,512
4010000000,r,512
4010000000,s,512
4250000000,s,512
4250000000,s,512
4250000000,s,512
4250000000,s,512
4250000000,s,512
4250000000,s,512
4500000000,r,512
4510000000,s,512
4510000000,s,512
4630000000,r,512
4630000000,r,512
4630000000,r,512
4630000000,r,512
4630000000,r,512
4630000000,s,512
4630000000,s,512
4630000000,s,512
4630000000,s,512
4640000000,s,512
4640000000,s,512
4640000000,s,512
4640000000,s,512
4640000000,s,512
4640000000,s,512
4790000000,r,512
4790000000,r,512
4790000000,r,512
4790000000,r,512
4790000000,r,512
4790000000,r,512
4790000000,r,512
4900000000,r,512
4900000000,r,512
4900000000,r,512
4900000000,r,512
4900000000,r,512
4900000000,r,512
4900000000,r,512
4920000000,r,512
4920000000,r,512
4920000000,s,512
5000000000,r,512
5000000000,r,512
5000000000,r,512
5000000000,r,512
5000000000,r,512
5000000000,r,512
5000000000,r,512
5040000000,r,512
5040000000,r,512
5040000000,r,512
5040000000,s,512
5080000000,r,512
5080000000,r,512
5080000000,r,512
5080000000,r,512
5080000000,r,512
5080000000,r,512
5080000000,r,512
5080000000,r,512
5080000000,r,512
5080000000,r,512
5080000000,r,512
5080000000,r,512
5080000000,r,512
5080000000,r,512
5100000000,r,512
5100000000,r,512
5100000000,r,512
5100000000,r,512
5100000000,r,512
5100000000,r,512
5100000000,r,512
5100000000,r,512
5100000000,r,512
5100000000,r,512
5100000000,r,512
5100000000,r,512
5100000000,r,512
5100000000,r,512
5100000000,r,512
5100000000,r,512
5100000000,r,512
5100000000,r,512
5100000000,r,512
5100000000,r,512
5100000000,r,512
5100000000,r,512
5100000000,r,512
5100000000,r,512
5100000000,r,512
5100000000,r,512
5100000000,r,512
5100000000,r,512
5100000000,r,512
5100000000,s,512
5100000000,r,512
5100000000,r,512
5120000000,s,512
5120000000,s,512
5160000000,r,512
5160000000,r,512
5160000000,r,512
5160000000,r,512
5160000000,r,512
5160000000,r,512
5160000000,r,512
5160000000,r,512
5160000000,r,512
5170000000,s,512
5190000000,r,512
5240000000,r,512
5240000000,r,512
5240000000,r,512
5240000000,r,512
5240000000,r,512
5240000000,r,512
5240000000,r,512
5260000000,r,512
5260000000,r,512
5340000000,r,512
5340000000,r,512
5340000000,s,512
5350000000,s,512
5350000000,s,512
5350000000,s,512
5350000000,s,512
5350000000,s,512
5350000000,s,512
5350000000,s,512
5350000000,s,512
5350000000,s,512
5350000000,s,512
5350000000,s,512
5350000000,s,512
5350000000,s,512
5350000000,s,512
5350000000,s,512
5350000000,s,512
5350000000,s,512
5350000000,s,512
5350000000,s,512
5350000000,s,512
5350000000,s,512
5350000000,s,512
5350000000,s,512
5350000000,s,512
5350000000,s,512
5350000000,s,512
5350000000,s,512
5350000000,s,512
5350000000,s,512
5350000000,s,512
5350000000,s,512
5350000000,s,512
5350000000,s,512
5420000000,r,512
5430000000,s,512
5500000000,r,512
5500000000,s,512
5590000000,r,512
5590000000,s,512
5620000000,r,512
5620000000,r,512
5620000000,r,512
5620000000,r,512
5620000000,r,512
5620000000,r,512
5620000000,r,512
5620000000,r,512
5620000000,r,512
5620000000,r,512
5620000000,r,512
5620000000,r,512
5620000000,r,512
5620000000,r,512
5620000000,r,512
5620000000,r,512
5620000000,r,512
5620000000,r,512
5620000000,r,512
5620000000,r,512
5620000000,r,512
5620000000,r,512
5620000000,r,512
5620000000,r,512
5620000000,r,512
5620000000,r,512
5620000000,r,512
5620000000,r,512
5620000000,r,512
5620000000,r,512
5620000000,r,512
5620000000,s,512
5620000000,s,512
5620000000,r,512
5620000000,r,512
5620000000,r,512
5620000000,r,512
5620000000,r,512
5620000000,s,512
5620000000,r,512
5620000000,r,512
5620000000,r,512
5620000000,r,512
5620000000,r,512
5620000000,r,512
5620000000,r,512
5620000000,r,512
5620000000,r,512
5620000000,r,512
5620000000,r,512
5620000000,r,512
5620000000,r,512
5620000000,r,512
5620000000,r,512
5620000000,r,512
5620000000,r,512
5620000000,r,512
5620000000,r,512
5620000000,r,512
5620000000,r,512
5620000000,r,512
5620000000,r,512
5620000000,r,512
5620000000,r,512
5620000000,r,512
5620000000,r,512
5620000000,r,512
5620000000,r,512
5620000000,r,512
5620000000,r,512
5620000000,r,512
5620000000,r,512
5620000000,r,512
5620000000,r,512
5620000000,r,512
5620000000,r,512
5620000000,r,512
5620000000,r,512
5620000000,r,512
5620000000,r,512
5620000000,r,512
5620000000,s,512
5620000000,r,512
5620000000,r,512
5620000000,r,512
5620000000,r,512
5620000000,r,512
5620000000,r,512
5620000000,r,512
5620000000,r,512
5620000000,s,512
5620000000,r,512
5620000000,r,512
5620000000,r,512
5620000000,r,512
5620000000,r,512
5620000000,r,512
5620000000,r,512
5620000000,r,512
5620000000,r,512
5630000000,r,512
5630000000,r,512
5630000000,r,512
5630000000,r,512
5630000000,r,512
5630000000,r,512
5630000000,r,512
5630000000,r,512
5630000000,r,512
5630000000,r,512
5630000000,r,512
5630000000,r,512
5630000000,r,512
5630000000,r,512
5630000000,r,512
5630000000,r,512
5640000000,r,512
5640000000,r,512
5670000000,r,512
5670000000,r,512
5670000000,r,512
5670000000,r,512
5670000000,r,512
5670000000,r,512
5670000000,r,512
5700000000,r,512
5700000000,r,512
5700000000,r,512
5700000000,r,512
5710000000,r,512
5710000000,r,512
5710000000,r,512
5710000000,r,512
5710000000,r,512
5710000000,r,512
5710000000,r,512
5710000000,r,512
5710000000,r,512
5710000000,r,512
5710000000,r,512
5710000000,r,512
5710000000,r,512
5710000000,r,512
5710000000,s,512
5710000000,s,512
5710000000,s,512
5720000000,r,512
5720000000,r,512
5720000000,r,512
5720000000,r,512
5720000000,r,512
5720000000,r,512
5720000000,r,512
5720000000,r,512
5720000000,r,512
5720000000,r,512
5720000000,r,512
5720000000,r,512
5720000000,r,512
5720000000,r,512
5720000000,r,512
5720000000,r,512
5720000000,r,512
5720000000,r,512
5720000000,r,512
5720000000,r,512
5720000000,r,512
5720000000,r,512
5720000000,r,512
5720000000,r,512
5720000000,r,512
5720000000,r,512
5720000000,r,512
5720000000,r,512
5720000000,r,512
5720000000,r,512
5720000000,r,512
5720000000,r,512
5720000000,r,512
5720000000,r,512
5750000000,r,512
5750000000,r,512
5750000000,r,512
5750000000,r,512
5750000000,r,512
5750000000,r,512
5750000000,s,512
5750000000,r,512
5750000000,r,512
5760000000,r,512
5760000000,r,512
5760000000,r,512
5760000000,r,512
5760000000,r,512
5760000000,r,512
5760000000,r,512
5780000000,r,512
5780000000,s,512
5780000000,r,512
5810000000,r,512
5810000000,r,512
5810000000,r,512
5810000000,r,512
5810000000,r,512
5810000000,r,512
5830000000,r,512
5830000000,r,512
5830000000,r,512
5830000000,r,512
5830000000,r,512
5830000000,r,512
5880000000,r,512
5880000000,r,512
5880000000,r,512
5880000000,r,512
5880000000,r,512
5880000000,r,512
5880000000,r,512
5910000000,r,512
5910000000,r,512
5910000000,r,512
5910000000,r,512
5910000000,s,512
5910000000,s,512
5910000000,s,512
5910000000,s,512
5910000000,s,512
5910000000,s,512
5910000000,s,512
5910000000,s,512
5910000000,s,512
5990000000,r,512
5990000000,r,512
5990000000,r,512
5990000000,r,512
5990000000,r,512
5990000000,r,512
5990000000,r,512
5990000000,r,512
6090000000,r,512
6090000000,r,512
6090000000,s,512
6090000000,s,512
6090000000,s,512
6090000000,s,512
6090000000,s,512
6170000000,r,512
6170000000,r,512
6170000000,s,512
6250000000,r,512
6250000000,r,512
6250000000,r,512
6250000000,r,512
6250000000,r,512
6250000000,s,512
6330000000,r,512
6440000000,s,512
6440000000,s,512
6450000000,r,512
6460000000,s,512
6480000000,s,512
6480000000,s,512
6480000000,s,512
6480000000,s,512
6550000000,s,512
6550000000,s,512
6590000000,s,512
6590000000,s,512
6610000000,s,512
6830000000,r,512
6830000000,s,512
6830000000,s,512
6920000000,r,512
6920000000,r,512
6920000000,r,512
6920000000,s,512
6920000000,s,512
6920000000,s,512
6920000000,s,512
6920000000,s,512
6920000000,s,512
6990000000,r,512
6990000000,r,512
6990000000,r,512
6990000000,r,512
6990000000,r,512
6990000000,r,512
6990000000,r,512
7000000000,s,512
7000000000,s,512
7000000000,s,512
7000000000,s,512
7000000000,s,512
7000000000,s,512
7000000000,s,512
7000000000,s,512
7000000000,s,512
7000000000,s,512
7000000000,s,512
7000000000,s,512
7010000000,s,512
7010000000,s,512
7080000000,r,512
7080000000,s,512
7080000000,s,512
7170000000,r,512
7170000000,r,512
7170000000,r,512
7170000000,r,512
7170000000,r,512
7170000000,r,512
7170000000,r,512
7210000000,r,512
7210000000,r,512
7210000000,s,512
7290000000,r,512
7290000000,r,512
7290000000,r,512
7290000000,r,512
7290000000,r,512
7290000000,r,512
7290000000,r,512
7290000000,r,512
7290000000,r,512
7290000000,r,512
7290000000,r,512
7290000000,r,512
7290000000,r,512
7290000000,r,512
7290000000,r,512
7290000000,r,512
7290000000,r,512
7290000000,r,512
7290000000,r,512
7290000000,r,512
7290000000,r,512
7290000000,r,512
7290000000,r,512
7290000000,r,512
7290000000,r,512
7290000000,r,512
7290000000,r,512
7290000000,r,512
7290000000,r,512
7290000000,r,512
7300000000,r,512
7300000000,r,512
7300000000,r,512
7300000000,r,512
7300000000,r,512
7300000000,r,512
7300000000,r,512
7300000000,r,512
7300000000,s,512
7300000000,r,512
7300000000,r,512
7300000000,r,512
7300000000,r,512
7300000000,r,512
7300000000,r,512
7300000000,r,512
7300000000,r,512
7300000000,r,512
7300000000,r,512
7300000000,r,512
7300000000,r,512
7300000000,r,512
7300000000,r,512
7310000000,s,512
7310000000,s,512
7310000000,s,512
7310000000,r,512
7310000000,r,512
7310000000,r,512
7310000000,r,512
7310000000,r,512
7310000000,r,512
7310000000,r,512
7310000000,r,512
7310000000,r,512
7310000000,r,512
7310000000,r,512
7310000000,r,512
7310000000,r,512
7310000000,r,512
7310000000,r,512
7310000000,r,512
7310000000,r,512
7310000000,r,512
7310000000,r,512
7310000000,r,512
7310000000,r,512
7310000000,r,512
7310000000,r,512
7310000000,r,512
7310000000,r,512
7310000000,r,512
7310000000,r,512
7310000000,r,512
7310000000,r,512
7310000000,r,512
7310000000,r,512
7310000000,s,512
7370000000,r,512
7370000000,r,512
7370000000,r,512
7370000000,r,512
7370000000,r,512
7380000000,r,512
7380000000,r,512
7380000000,r,512
7450000000,r,512
7450000000,r,512
7450000000,r,512
7450000000,r,512
7450000000,r,512
7450000000,r,512
7450000000,r,512
7450000000,r,512
7450000000,r,512
7450000000,r,512
7450000000,r,512
7550000000,r,512
7550000000,r,512
7570000000,r,512
7650000000,r,512
7650000000,r,512
7660000000,s,512
7660000000,s,512
7660000000,s,512
7660000000,s,512
7660000000,s,512
7660000000,s,512
7660000000,s,512
7660000000,s,512
7660000000,s,512
7660000000,s,512
7660000000,s,512
7660000000,s,512
7660000000,s,512
7660000000,s,512
7660000000,s,512
7660000000,s,512
7660000000,s,512
7660000000,s,512
7660000000,s,512
7660000000,s,512
7660000000,s,512
7660000000,s,512
7660000000,s,512
7660000000,s,512
7660000000,s,512
7660000000,s,512
7750000000,r,512
7750000000,r,512
7750000000,s,512
7760000000,s,512
7760000000,s,512
7840000000,r,512
7840000000,r,512
7840000000,r,512
7840000000,r,512
7840000000,r,512
7840000000,r,512
7840000000,s,512
7840000000,s,512
7840000000,s,512
7840000000,s,512
7840000000,s,512
7840000000,s,512
7840000000,s,512
7840000000,s,512
7840000000,s,512
7840000000,s,512
7930000000,r,512
7930000000,r,512
7930000000,r,512
7930000000,r,512
7930000000,r,512
7930000000,r,512
7930000000,r,512
7930000000,r,512
7930000000,r,512
7930000000,r,512
7930000000,r,512
7930000000,r,512
7930000000,r,512
7930000000,r,512
7930000000,r,512
7930000000,r,512
7930000000,r,512
7930000000,r,512
7930000000,r,512
7930000000,r,512
7930000000,r,512
7930000000,r,512
7930000000,r,512
7930000000,s,512
7930000000,s,512
7930000000,s,512
7930000000,s,512
7940000000,r,512
7940000000,s,512
7940000000,r,512
7940000000,r,512
7940000000,r,512
7940000000,r,512
7940000000,r,512
7940000000,r,512
7940000000,r,512
7940000000,r,512
7940000000,r,512
7940000000,r,512
7940000000,r,512
7940000000,r,512
7940000000,r,512
7940000000,r,512
7940000000,r,512
7940000000,r,512
7940000000,r,512
7940000000,r,512
7940000000,r,512
7940000000,r,512
7940000000,r,512
7940000000,r,512
7940000000,r,512
7940000000,r,512
7940000000,s,512
7980000000,s,512
8010000000,r,512
8010000000,r,512
8010000000,r,512
8010000000,r,512
8010000000,r,512
8010000000,r,512
8010000000,r,512
8010000000,r,512
8010000000,r,512
8010000000,r,512
8010000000,r,512
8010000000,r,512
8010000000,r,512
8010000000,r,512
8010000000,r,512
8010000000,r,512
8010000000,r,512
8010000000,r,512
8010000000,r,512
8010000000,r,512
8010000000,r,512
8010000000,r,512
8010000000,r,512
8010000000,r,512
8010000000,r,512
8010000000,r,512
8010000000,r,512
8010000000,r,512
8010000000,r,512
8010000000,r,512
8010000000,r,512
8010000000,r,512
8010000000,r,512
8010000000,r,512
8010000000,r,512
8010000000,r,512
8010000000,r,512
8010000000,r,512
8010000000,r,512
8010000000,r,512
8010000000,r,512
8029999999,r,512
8029999999,r,512
8029999999,r,512
8029999999,r,512
8029999999,r,512
8029999999,r,512
8029999999,r,512
8029999999,r,512
8029999999,r,512
8029999999,r,512
8029999999,r,512
8029999999,r,512
8029999999,r,512
8029999999,r,512
8029999999,r,512
8029999999,r,512
8029999999,r,512
8029999999,r,512
8029999999,r,512
8029999999,r,512
8029999999,r,512
8029999999,r,512
8029999999,r,512
8050000000,r,512
8050000000,s,512
8050000000,r,512
8050000000,r,512
8050000000,r,512
8050000000,r,512
8050000000,r,512
8050000000,r,512
8050000000,r,512
8050000000,r,512
8050000000,r,512
8050000000,r,512
8050000000,r,512
8050000000,s,512
8050000000,r,512
8050000000,r,512
8050000000,r,512
8050000000,r,512
8050000000,r,512
8050000000,r,512
8050000000,r,512
8050000000,r,512
8050000000,r,512
8050000000,r,512
8050000000,r,512
8050000000,r,512
8050000000,r,512
8050000000,r,512
8050000000,r,512
8050000000,r,512
8050000000,r,512
8050000000,r,512
8050000000,r,512
8050000000,r,512
8050000000,r,512
8050000000,r,512
8050000000,r,512
8050000000,r,512
8050000000,r,512
8050000000,r,512
8050000000,r,512
8050000000,r,512
8050000000,r,512
8050000000,r,512
8050000000,r,512
8050000000,r,512
8050000000,r,512
8050000000,r,512
8050000000,r,512
8050000000,r,512
8050000000,r,512
8050000000,r,512
8050000000,r,512
8050000000,r,512
8050000000,r,512
8050000000,r,512
8050000000,r,512
8050000000,r,512
8050000000,s,512
8050000000,r,512
8050000000,r,512
8050000000,r,512
8050000000,r,512
8050000000,r,512
8050000000,r,512
8050000000,r,512
8050000000,r,512
8050000000,r,512
8050000000,r,512
8050000000,r,512
8050000000,r,512
8050000000,r,512
8050000000,r,512
8050000000,r,512
8050000000,r,512
8050000000,r,512
8050000000,r,512
8050000000,r,512
8050000000,r,512
8050000000,r,512
8050000000,r,512
8050000000,r,512
8060000000,r,512
8060000000,r,512
8060000000,r,512
8060000000,r,512
8060000000,r,512
8060000000,r,512
8070000000,r,512
8070000000,r,512
8070000000,r,512
8070000000,r,512
8070000000,r,512
8070000000,r,512
8070000000,r,512
8070000000,r,512
8070000000,r,512
8070000000,s,512
8070000000,r,512
8070000000,r,512
8070000000,r,512
8070000000,r,512
8070000000,r,512
8070000000,r,512
8070000000,r,512
8090000000,r,512
8090000000,r,512
8090000000,r,512
8090000000,r,512
8090000000,r,512
8090000000,r,512
8090000000,r,512
8090000000,r,512
8090000000,r,512
8090000000,r,512
8090000000,r,512
8090000000,s,512
8090000000,r,512
8090000000,r,512
8090000000,r,512
8090000000,r,512
8090000000,r,512
8090000000,r,512
8090000000,r,512
8090000000,r,512
8090000000,r,512
8090000000,r,512
8090000000,r,512
8090000000,r,512
8090000000,r,512
8090000000,r,512
8090000000,s,512
8090000000,s,512
8090000000,s,512
8090000000,s,512
8090000000,s,512
8090000000,r,512
8090000000,r,512
8090000000,r,512
8090000000,r,512
8090000000,r,512
8090000000,r,512
8090000000,r,512
8090000000,r,512
8090000000,r,512
8090000000,r,512
8090000000,r,512
8090000000,r,512
8090000000,r,512
8090000000,r,512
8090000000,r,512
8090000000,r,512
8090000000,r,512
8090000000,r,512
8090000000,r,512
8090000000,r,512
8090000000,r,512
8090000000,r,512
8090000000,r,512
8090000000,s,512
8090000000,r,512
8090000000,r,512
8090000000,r,512
8090000000,r,512
8090000000,r,512
8090000000,r,512
8090000000,r,512
8090000000,r,512
8090000000,r,512
8090000000,r,512
8090000000,r,512
8090000000,r,512
8090000000,r,512
8100000000,r,512
8100000000,r,512
8100000000,r,512
8100000000,r,512
8109999999,r,512
8109999999,r,512
8109999999,r,512
8109999999,r,512
8109999999,r,512
8109999999,r,512
8109999999,r,512
8109999999,r,512
8109999999,r,512
8109999999,r,512
8109999999,r,512
8109999999,r,512
8109999999,r,512
8109999999,r,512
8109999999,r,512
8109999999,r,512
8109999999,r,512
8109999999,r,512
8109999999,r,512
8109999999,r,512
8109999999,r,512
8109999999,r,512
8109999999,r,512
8109999999,r,512
8109999999,r,512
8109999999,r,512
8109999999,r,512
8109999999,r,512
8109999999,r,512
8109999999,r,512
8109999999,r,512
8109999999,r,512
8109999999,r,512
8109999999,r,512
8109999999,r,512
8109999999,r,512
8109999999,r,512
8109999999,r,512
8109999999,r,512
8109999999,r,512
8109999999,r,512
8109999999,r,512
8109999999,r,512
8109999999,r,512
8109999999,r,512
8109999999,r,512
8109999999,s,512
8109999999,r,512
8109999999,r,512
8109999999,r,512
8109999999,r,512
8109999999,r,512
8109999999,r,512
8109999999,r,512
8109999999,r,512
8109999999,r,512
8109999999,r,512
8109999999,r,512
8109999999,r,512
8109999999,r,512
8109999999,r,512
8109999999,r,512
8109999999,r,512
8109999999,r,512
8109999999,s,512
8119999999,r,512
8119999999,r,512
8119999999,r,512
8119999999,r,512
8119999999,r,512
8119999999,r,512
8119999999,r,512
8119999999,r,512
8119999999,r,512
8119999999,r,512
8119999999,r,512
8119999999,r,512
8119999999,r,512
8119999999,r,512
8119999999,r,512
8119999999,r,512
8119999999,r,512
8119999999,r,512
8119999999,r,512
8119999999,r,512
8119999999,r,512
8119999999,r,512
8130000000,r,512
8130000000,r,512
8130000000,r,512
8130000000,r,512
8130000000,r,512
8130000000,r,512
8130000000,r,512
8130000000,r,512
8130000000,r,512
8130000000,s,512
8130000000,r,512
8130000000,r,512
8130000000,r,512
8130000000,r,512
8130000000,r,512
8130000000,r,512
8130000000,r,512
8130000000,r,512
8130000000,r,512
8130000000,r,512
8130000000,r,512
8130000000,r,512
8130000000,r,512
8130000000,r,512
8130000000,r,512
8130000000,r,512
8130000000,r,512
8130000000,r,512
8130000000,r,512
8130000000,r,512
8130000000,r,512
8130000000,r,512
8130000000,r,512
8130000000,r,512
8130000000,r,512
8130000000,r,512
8130000000,r,512
8130000000,r,512
8130000000,r,512
8130000000,r,512
8130000000,r,512
8130000000,r,512
8130000000,r,512
8130000000,r,512
8130000000,r,512
8130000000,r,512
8130000000,r,512
8130000000,r,512
8130000000,r,512
8130000000,r,512
8130000000,r,512
8130000000,r,512
8130000000,r,512
8130000000,r,512
8130000000,r,512
8130000000,r,512
8130000000,r,512
8130000000,r,512
8130000000,r,512
8130000000,r,512
8130000000,s,512
8130000000,r,512
8130000000,r,512
8130000000,s,512
8130000000,r,512
8130000000,r,512
8130000000,r,512
8130000000,r,512
8130000000,r,512
8130000000,r,512
8130000000,r,512
8130000000,r,512
8130000000,r,512
8130000000,r,512
8130000000,r,512
8130000000,r,512
8130000000,r,512
8130000000,r,512
8130000000,r,512
8130000000,r,512
8130000000,r,512
8130000000,r,512
8130000000,r,512
8130000000,r,512
8130000000,r,512
8130000000,r,512
8130000000,r,512
8130000000,r,512
8130000000,r,512
8130000000,r,512
8130000000,r,512
8130000000,r,512
8130000000,r,512
8130000000,r,512
8130000000,r,512
8130000000,r,512
8130000000,r,512
8130000000,r,512
8130000000,r,512
8130000000,r,512
8130000000,r,512
8130000000,s,512
8140000000,r,512
8140000000,r,512
8140000000,r,512
8140000000,r,512
8140000000,r,512
8140000000,r,512
8140000000,r,512
8140000000,r,512
8140000000,r,512
8140000000,r,512
8140000000,r,512
8140000000,r,512
8140000000,r,512
8140000000,r,512
8140000000,r,512
8140000000,r,512
8140000000,r,512
8150000000,r,512
8150000000,r,512
8150000000,r,512
8150000000,r,512
8150000000,r,512
8150000000,r,512
8150000000,r,512
8150000000,r,512
8150000000,r,512
8150000000,r,512
8150000000,r,512
8150000000,r,512
8150000000,r,512
8150000000,r,512
8150000000,r,512
8150000000,r,512
8150000000,r,512
8150000000,r,512
8150000000,r,512
8150000000,r,512
8150000000,r,512
8150000000,r,512
8150000000,r,512
8150000000,r,512
8150000000,r,512
8150000000,r,512
8150000000,r,512
8150000000,r,512
8150000000,r,512
8150000000,r,512
8150000000,r,512
8150000000,r,512
8150000000,r,512
8150000000,r,512
8150000000,r,512
8150000000,r,512
8150000000,r,512
8150000000,r,512
8150000000,r,512
8150000000,s,512
8150000000,r,512
8150000000,r,512
8150000000,r,512
8150000000,r,512
8150000000,r,512
8150000000,r,512
8150000000,r,512
8150000000,s,512
8150000000,r,512
8150000000,r,512
8150000000,r,512
8150000000,r,512
8150000000,r,512
8150000000,r,512
8150000000,r,512
8150000000,r,512
8150000000,r,512
8160000000,r,512
8160000000,r,512
8160000000,r,512
8160000000,r,512
8160000000,r,512
8160000000,r,512
8160000000,r,512
8160000000,r,512
8160000000,r,512
8160000000,r,512
8160000000,r,512
8160000000,r,512
8160000000,r,512
8160000000,r,512
8160000000,r,512
8160000000,r,512
8160000000,r,512
8160000000,r,512
8160000000,r,512
8160000000,r,512
8160000000,r,512
8160000000,r,512
8160000000,r,512
8160000000,r,512
8160000000,r,512
8160000000,r,512
8160000000,r,512
8160000000,r,512
8160000000,r,512
8160000000,r,512
8160000000,s,512
8189999999,r,512
8189999999,r,512
8189999999,r,512
8189999999,r,512
8189999999,r,512
8189999999,r,512
8189999999,r,512
8189999999,r,512
8189999999,r,512
8189999999,r,512
8189999999,r,512
8189999999,r,512
8189999999,r,512
8189999999,r,512
8189999999,r,512
8189999999,r,512
8189999999,r,512
8189999999,r,512
8189999999,r,512
8189999999,r,512
8189999999,r,512
8189999999,r,512
8189999999,r,512
8189999999,r,512
8189999999,r,512
8189999999,r,512
8189999999,r,512
8189999999,r,512
8189999999,r,512
8189999999,r,512
8189999999,r,512
8189999999,s,512
8189999999,s,512
8189999999,r,512
8189999999,r,512
8189999999,r,512
8189999999,r,512
8189999999,r,512
8189999999,r,512
8189999999,r,512
8189999999,r,512
8189999999,r,512
8189999999,r,512
8189999999,r,512
8189999999,r,512
8189999999,r,512
8189999999,r,512
8189999999,r,512
8189999999,r,512
8189999999,r,512
8189999999,r,512
8189999999,r,512
8189999999,r,512
8189999999,r,512
8189999999,r,512
8189999999,r,512
8189999999,r,512
8189999999,r,512
8189999999,r,512
8189999999,r,512
8189999999,r,512
8189999999,r,512
8189999999,r,512
8189999999,s,512
8189999999,r,512
8189999999,r,512
8189999999,r,512
8189999999,r,512
8189999999,r,512
8189999999,r,512
8189999999,r,512
8189999999,r,512
8189999999,r,512
8189999999,r,512
8189999999,r,512
8189999999,s,512
8189999999,s,512
8189999999,s,512
8189999999,r,512
8189999999,r,512
8189999999,s,512
8189999999,r,512
8189999999,r,512
8189999999,r,512
8189999999,r,512
8189999999,r,512
8189999999,r,512
8189999999,r,512
8189999999,r,512
8189999999,r,512
8189999999,r,512
8189999999,r,512
8189999999,r,512
8189999999,r,512
8189999999,r,512
8189999999,r,512
8189999999,r,512
8189999999,r,512
8189999999,r,512
8189999999,r,512
8189999999,r,512
8189999999,r,512
8189999999,r,512
8189999999,r,512
8189999999,r,512
8189999999,r,512
8189999999,r,512
8189999999,r,512
8199999999,r,512
8199999999,r,512
8199999999,r,512
8199999999,r,512
8199999999,r,512
8199999999,r,512
8199999999,r,512
8199999999,r,512
8199999999,r,512
8199999999,r,512
8199999999,r,512
8199999999,r,512
8199999999,r,512
8199999999,r,512
8199999999,r,512
8199999999,r,512
8199999999,r,512
8199999999,r,512
8199999999,r,512
8199999999,r,512
8199999999,r,512
8199999999,r,512
8199999999,r,512
8199999999,r,512
8199999999,r,512
8199999999,r,512
8199999999,r,512
8199999999,r,512
8199999999,r,512
8199999999,r,512
8199999999,r,512
8199999999,r,512
8199999999,r,512
8199999999,r,512
8199999999,r,512
8199999999,r,512
8199999999,r,512
8199999999,r,512
8199999999,r,512
8199999999,r,512
8199999999,r,512
8199999999,r,512
8199999999,r,512
8199999999,r,512
8199999999,r,512
8199999999,r,512
8199999999,r,512
8199999999,r,512
8199999999,r,512
8199999999,r,512
8199999999,r,512
8199999999,r,512
8199999999,r,512
8199999999,r,512
8199999999,r,512
8199999999,r,512
8199999999,r,512
8199999999,r,512
8199999999,r,512
8199999999,r,512
8199999999,s,512
8199999999,r,512
8199999999,r,512
8199999999,r,512
8199999999,r,512
8199999999,r,512
8199999999,s,512
8199999999,r,512
8199999999,r,512
8199999999,r,512
8199999999,r,512
8199999999,r,512
8199999999,r,512
8199999999,r,512
8199999999,r,512
8199999999,r,512
8199999999,r,512
8199999999,r,512
8199999999,r,512
8199999999,r,512
8199999999,r,512
8199999999,r,512
8199999999,r,512
8199999999,r,512
8199999999,r,512
8199999999,r,512
8199999999,r,512
8199999999,r,512
8199999999,r,512
8199999999,r,512
8199999999,r,512
8199999999,r,512
8199999999,r,512
8199999999,r,512
8199999999,r,512
8199999999,r,512
8199999999,r,512
8199999999,r,512
8199999999,r,512
8199999999,r,512
8199999999,r,512
8199999999,r,512
8199999999,r,512
8199999999,r,512
8199999999,r,512
8199999999,r,512
8199999999,r,512
8199999999,r,512
8199999999,r,512
8199999999,s,512
8199999999,r,512
8199999999,r,512
8199999999,r,512
8199999999,r,512
8199999999,r,512
8199999999,r,512
8199999999,r,512
8199999999,r,512
8199999999,r,512
8199999999,r,512
8199999999,r,512
8199999999,r,512
8199999999,r,512
8199999999,r,512
8199999999,r,512
8199999999,r,512
8199999999,r,512
8199999999,r,512
8199999999,r,512
8199999999,r,512
8199999999,r,512
8199999999,s,512
8199999999,s,512
8199999999,r,512
8199999999,r,512
8199999999,r,512
8199999999,r,512
8199999999,r,512
8199999999,r,512
8199999999,r,512
8199999999,r,512
8199999999,s,512
8199999999,r,512
8199999999,r,512
8199999999,r,512
8199999999,r,512
8199999999,r,512
8199999999,r,512
8199999999,r,512
8199999999,r,512
8199999999,r,512
8199999999,r,512
8199999999,r,512
8199999999,r,512
8199999999,r,512
8199999999,r,512
8199999999,r,512
8199999999,r,512
8199999999,s,512
8199999999,r,512
8199999999,r,512
8199999999,r,512
8199999999,r,512
8199999999,r,512
8199999999,r,512
8199999999,r,512
8199999999,r,512
8199999999,s,512
8210000000,r,512
8210000000,r,512
8210000000,r,512
8210000000,r,512
8210000000,r,512
8210000000,r,512
8210000000,r,512
8210000000,r,512
8210000000,r,512
8210000000,r,512
8210000000,r,512
8210000000,r,512
8210000000,r,512
8210000000,r,512
8210000000,r,512
8210000000,r,512
8210000000,r,512
8260000000,r,512
8260000000,r,512
8260000000,r,512
8260000000,r,512
8260000000,r,512
8260000000,r,512
8260000000,r,512
8260000000,r,512
8260000000,r,512
8260000000,r,512
8260000000,r,512
8260000000,r,512
8270000000,r,512
8270000000,r,512
8270000000,r,512
8270000000,r,512
8270000000,r,512
8270000000,r,512
8270000000,r,512
8270000000,r,512
8270000000,r,512
8270000000,r,512
8270000000,r,512
8270000000,r,512
8270000000,r,512
8270000000,r,512
8270000000,r,512
8270000000,r,512
8270000000,s,512
8270000000,s,512
8270000000,s,512
8270000000,s,512
8270000000,r,512
8270000000,r,512
8270000000,r,512
8270000000,r,512
8270000000,r,512
8270000000,r,512
8270000000,r,512
8270000000,r,512
8270000000,r,512
8270000000,r,512
8270000000,r,512
8270000000,r,512
8270000000,r,512
8270000000,r,512
8270000000,r,512
8270000000,r,512
8270000000,r,512
8270000000,r,512
8270000000,r,512
8270000000,s,512
8270000000,s,512
8270000000,r,512
8270000000,r,512
8270000000,r,512
8270000000,r,512
8270000000,r,512
8270000000,r,512
8270000000,r,512
8270000000,r,512
8270000000,r,512
8270000000,r,512
8270000000,r,512
8270000000,r,512
8270000000,r,512
8270000000,r,512
8270000000,r,512
8270000000,r,512
8270000000,r,512
8279999999,r,512
8279999999,r,512
8279999999,r,512
8279999999,r,512
8279999999,r,512
8279999999,r,512
8279999999,r,512
8279999999,r,512
8279999999,r,512
8279999999,r,512
8279999999,r,512
8279999999,r,512
8279999999,r,512
8279999999,r,512
8279999999,r,512
8279999999,r,512
8279999999,r,512
8279999999,r,512
8279999999,r,512
8279999999,s,512
8279999999,s,512
8279999999,r,512
8279999999,r,512
8279999999,r,512
8279999999,r,512
8279999999,r,512
8279999999,r,512
8279999999,r,512
8279999999,r,512
8279999999,r,512
8279999999,r,512
8279999999,r,512
8279999999,r,512
8279999999,r,512
8279999999,r,512
8279999999,r,512
8279999999,r,512
8279999999,r,512
8279999999,r,512
8279999999,r,512
8279999999,r,512
8279999999,r,512
8279999999,r,512
8289999999,r,512
8289999999,r,512
8289999999,r,512
8289999999,r,512
8289999999,r,512
8289999999,r,512
8289999999,r,512
8289999999,r,512
8289999999,r,512
8289999999,r,512
8289999999,r,512
8289999999,r,512
8289999999,r,512
8289999999,r,512
8289999999,r,512
8289999999,r,512
8289999999,r,512
8289999999,r,512
8289999999,r,512
8289999999,r,512
8289999999,r,512
8289999999,r,512
8289999999,r,512
8289999999,r,512
8289999999,r,512
8289999999,r,512
8289999999,r,512
8289999999,r,512
8289999999,r,512
8289999999,r,512
8289999999,r,512
8289999999,r,512
8289999999,s,512
8289999999,r,512
8289999999,r,512
8289999999,r,512
8289999999,r,512
8289999999,r,512
8289999999,r,512
8289999999,r,512
8289999999,r,512
8289999999,r,512
8289999999,r,512
8289999999,r,512
8289999999,r,512
8289999999,r,512
8289999999,r,512
8289999999,r,512
8289999999,r,512
8300000000,r,512
8300000000,r,512
8300000000,r,512
8300000000,r,512
8300000000,r,512
8300000000,r,512
8300000000,r,512
8300000000,r,512
8320000000,s,512
8340000000,r,512
8340000000,r,512
8340000000,r,512
8340000000,r,512
8340000000,r,512
8340000000,r,512
8340000000,r,512
8340000000,r,512
8359999999,r,512
8359999999,r,512
8359999999,r,512
8359999999,r,512
8359999999,r,512
8359999999,r,512
8359999999,r,512
8359999999,r,512
8359999999,r,512
8359999999,r,512
8359999999,r,512
8359999999,r,512
8359999999,r,512
8359999999,r,512
8359999999,s,512
8359999999,r,512
8359999999,s,512
8359999999,r,512
8359999999,r,512
8359999999,r,512
8359999999,r,512
8359999999,r,512
8359999999,r,512
8359999999,r,512
8359999999,r,512
8359999999,r,512
8359999999,r,512
8359999999,r,512
8359999999,r,512
8359999999,r,512
8359999999,r,512
8359999999,r,512
8359999999,r,512
8359999999,r,512
8359999999,r,512
8359999999,r,512
8359999999,r,512
8359999999,r,512
8359999999,r,512
8359999999,r,512
8359999999,r,512
8359999999,r,512
8359999999,r,512
8359999999,r,512
8359999999,r,512
8359999999,r,512
8359999999,r,512
8359999999,r,512
8359999999,r,512
8359999999,r,512
8359999999,r,512
8359999999,r,512
8359999999,r,512
8359999999,r,512
8359999999,r,512
8359999999,r,512
8359999999,r,512
8369999999,r,512
8369999999,r,512
8369999999,r,512
8369999999,r,512
8369999999,r,512
8369999999,r,512
8369999999,r,512
8369999999,r,512
8369999999,r,512
8369999999,s,512
8369999999,r,512
8369999999,r,512
8369999999,r,512
8369999999,r,512
8369999999,r,512
8369999999,r,512
8369999999,r,512
8369999999,r,512
8369999999,r,512
8369999999,r,512
8369999999,r,512
8369999999,r,512
8369999999,r,512
8369999999,r,512
8369999999,r,512
8369999999,r,512
8369999999,r,512
8369999999,r,512
8369999999,r,512
8369999999,r,512
8369999999,r,512
8369999999,r,512
8369999999,r,512
8369999999,r,512
8369999999,r,512
8369999999,r,512
8369999999,r,512
8369999999,r,512
8369999999,r,512
8369999999,r,512
8369999999,r,512
8369999999,r,512
8369999999,r,512
8369999999,r,512
8369999999,r,512
8369999999,r,512
8369999999,r,512
8369999999,r,512
8369999999,r,512
8369999999,r,512
8369999999,r,512
8369999999,r,512
8369999999,r,512
8369999999,r,512
8410000000,r,512
8410000000,r,512
8410000000,r,512
8410000000,r,512
8410000000,r,512
8410000000,r,512
8410000000,s,512
8410000000,s,512
8410000000,r,512
8410000000,r,512
8410000000,r,512
8410000000,r,512
8410000000,r,512
8410000000,r,512
8410000000,r,512
8410000000,r,512
8410000000,r,512
8410000000,r,512
8410000000,r,512
8410000000,r,512
8410000000,r,512
8410000000,r,512
8410000000,r,512
8410000000,r,512
8410000000,r,512
8410000000,r,512
8410000000,r,512
8410000000,r,512
8410000000,r,512
8410000000,r,512
8410000000,r,512
8410000000,r,512
8410000000,r,512
8410000000,r,512
8410000000,r,512
8410000000,r,512
8410000000,r,512
8410000000,r,512
8410000000,r,512
8410000000,r,512
8410000000,r,512
8410000000,r,512
8410000000,r,512
8410000000,r,512
8410000000,r,512
8410000000,r,512
8410000000,r,512
8410000000,r,512
8410000000,r,512
8410000000,r,512
8410000000,r,512
8410000000,r,512
8410000000,r,512
8410000000,r,512
8410000000,r,512
8410000000,r,512
8410000000,r,512
8410000000,r,512
8410000000,r,512
8410000000,r,512
8410000000,r,512
8410000000,r,512
8420000000,r,512
8420000000,r,512
8420000000,r,512
8420000000,r,512
8420000000,r,512
8420000000,r,512
8420000000,r,512
8420000000,r,512
8420000000,r,512
8420000000,r,512
8460000000,s,512
8460000000,s,512
8460000000,s,512
8460000000,r,512
8460000000,r,512
8460000000,r,512
8460000000,s,512
8460000000,r,512
8460000000,r,512
8460000000,r,512
8500000000,r,512
8500000000,r,512
8500000000,r,512
8500000000,r,512
8500000000,r,512
8500000000,r,512
8500000000,r,512
8570000000,s,512
8580000000,r,512
8580000000,r,512
8580000000,s,512
8580000000,s,512
8640000000,s,512
8640000000,s,512
8640000000,s,512
8660000000,s,512
8690000000,r,512
8690000000,s,512
8690000000,s,512
8870000000,r,512
8870000000,r,512
8870000000,r,512
8870000000,r,512
8870000000,r,512
8870000000,r,512
8870000000,r,512
8870000000,r,512
8870000000,r,512
8870000000,r,512
8870000000,r,512
8870000000,r,512
8870000000,r,512
8870000000,r,512
8870000000,r,512
8870000000,r,512
8870000000,r,512
8870000000,r,512
8870000000,r,512
8870000000,r,512
8870000000,r,512
8870000000,s,512
8870000000,s,512
8870000000,r,512
8870000000,r,512
8870000000,r,512
8870000000,r,512
8870000000,r,512
8870000000,r,512
8870000000,r,512
8870000000,r,512
8870000000,r,512
8870000000,r,512
8870000000,r,512
8870000000,r,512
8870000000,r,512
8870000000,r,512
8870000000,r,512
8870000000,r,512
8870000000,r,512
8870000000,r,512
8870000000,r,512
8870000000,r,512
8870000000,r,512
8870000000,r,512
8870000000,r,512
8870000000,r,512
8870000000,r,512
8870000000,r,512
8870000000,r,512
8870000000,r,512
8950000000,r,512
8950000000,r,512
9040000000,r,512
9040000000,r,512
9040000000,r,512
9040000000,r,512
9040000000,r,512
9040000000,r,512
9040000000,r,512
9050000000,r,512
9050000000,r,512
9050000000,r,512
9050000000,r,512
9050000000,r,512
9050000000,r,512
9060000000,s,512
9060000000,s,512
9060000000,s,512
9070000000,r,512
9070000000,r,512
9070000000,r,512
9070000000,r,512
9070000000,r,512
9070000000,r,512
9070000000,r,512
9070000000,s,512
9150000000,r,512
9150000000,r,512
9150000000,r,512
9150000000,r,512
9150000000,s,512
9150000000,s,512
9230000000,r,512
9230000000,r,512
9230000000,r,512
9230000000,r,512
9230000000,r,512
9230000000,r,512
9230000000,r,512
9300000000,r,512
9300000000,r,512
9310000000,s,512
9380000000,r,512
9380000000,r,512
9380000000,s,512
9500000000,r,512
9510000000,s,512
9510000000,s,512
9580000000,s,512
9580000000,r,512
9580000000,r,512
9580000000,r,512
9580000000,r,512
9580000000,r,512
9580000000,r,512
9580000000,r,512
9660000000,r,512
9660000000,r,512
9660000000,r,512
9670000000,s,512
9740000000,r,512
9740000000,r,512
9740000000,s,512
9740000000,s,512
9740000000,s,512
9740000000,s,512
9740000000,s,512
9740000000,s,512
9740000000,s,512
9740000000,s,512
9740000000,s,512
9740000000,s,512
9740000000,s,512
9830000000,s,512
9870000000,r,512
9870000000,r,512
9870000000,r,512
9870000000,r,512
9870000000,r,512
9870000000,r,512
9870000000,r,512
9930000000,s,512
9940000000,s,512
9990000000,s,512
9990000000,s,512
9990000000,s,512
9990000000,s,512
10000000000,s,512
10040000000,r,512
10040000000,r,512
10040000000,s,512
10040000000,s,512
10040000000,s,512
10040000000,s,512
10080000000,r,512
10080000000,r,512
10080000000,r,512
10100000000,r,512
10100000000,r,512
10100000000,r,512
10100000000,r,512
10100000000,r,512
10100000000,r,512
10100000000,s,512
10100000000,r,512
10100000000,r,512
10100000000,r,512
10100000000,r,512
10100000000,r,512
10100000000,r,512
10100000000,r,512
10100000000,s,512
10100000000,r,512
10100000000,r,512
10100000000,r,512
10100000000,r,512
10100000000,r,512
10100000000,r,512
10100000000,r,512
10100000000,r,512
10100000000,r,512
10100000000,r,512
10100000000,r,512
10100000000,r,512
10100000000,r,512
10100000000,r,512
10100000000,r,512
10110000000,s,512
10110000000,s,512
10110000000,r,512
10110000000,s,512
10110000000,r,512
10110000000,r,512
10110000000,r,512
10110000000,r,512
10110000000,r,512
10110000000,r,512
10110000000,r,512
10110000000,r,512
10110000000,r,512
10110000000,r,512
10110000000,r,512
10110000000,r,512
10110000000,r,512
10110000000,r,512
10110000000,r,512
10110000000,r,512
10110000000,r,512
10110000000,r,512
10110000000,r,512
10110000000,r,512
10110000000,r,512
10110000000,r,512
10110000000,r,512
10110000000,r,512
10110000000,r,512
10110000000,r,512
10110000000,r,512
10110000000,r,512
10120000000,r,512
10120000000,r,512
10120000000,r,512
10120000000,r,512
10120000000,r,512
10120000000,r,512
10120000000,r,512
10120000000,r,512
10120000000,r,512
10120000000,r,512
10120000000,r,512
10120000000,r,512
10120000000,r,512
10120000000,r,512
10120000000,r,512
10120000000,r,512
10120000000,r,512
10120000000,r,512
10120000000,r,512
10120000000,r,512
10120000000,r,512
10120000000,r,512
10120000000,r,512
10120000000,r,512
10120000000,r,512
10120000000,r,512
10120000000,r,512
10120000000,r,512
10120000000,r,512
10120000000,r,512
10120000000,s,512
10120000000,r,512
10120000000,r,512
10120000000,r,512
10120000000,r,512
10120000000,r,512
10120000000,r,512
10120000000,r,512
10120000000,r,512
10120000000,r,512
10120000000,r,512
10120000000,r,512
10120000000,r,512
10120000000,r,512
10130000000,r,512
10130000000,r,512
10130000000,r,512
10130000000,r,512
10130000000,r,512
10130000000,r,512
10130000000,r,512
10130000000,r,512
10130000000,r,512
10130000000,r,512
10130000000,r,512
10130000000,r,512
10130000000,r,512
10130000000,s,512
10130000000,r,512
10130000000,r,512
10130000000,r,512
10130000000,r,512
10130000000,r,512
10130000000,r,512
10130000000,r,512
10130000000,r,512
10130000000,r,512
10130000000,r,512
10130000000,r,512
10130000000,r,512
10130000000,r,512
10130000000,r,512
10130000000,r,512
10130000000,r,512
10130000000,r,512
10130000000,r,512
10130000000,r,512
10130000000,r,512
10130000000,r,512
10130000000,r,512
10130000000,r,512
10130000000,s,512
10140000000,r,512
10140000000,r,512
10140000000,r,512
10140000000,r,512
10140000000,r,512
10140000000,r,512
10140000000,r,512
10140000000,r,512
10140000000,r,512
10140000000,r,512
10140000000,r,512
10140000000,r,512
10140000000,r,512
10140000000,r,512
10140000000,r,512
10140000000,r,512
10140000000,r,512
10140000000,r,512
10140000000,r,512
10140000000,r,512
10140000000,r,512
10140000000,r,512
10140000000,r,512
10140000000,r,512
10140000000,r,512
10140000000,r,512
10140000000,r,512
10140000000,r,512
10140000000,r,512
10140000000,r,512
10140000000,r,512
10140000000,r,512
10140000000,r,512
10140000000,r,512
10140000000,r,512
10140000000,r,512
10140000000,r,512
10140000000,r,512
10140000000,r,512
10140000000,r,512
10140000000,r,512
10140000000,r,512
10140000000,r,512
10140000000,r,512
10140000000,r,512
10140000000,r,512
10140000000,s,512
10140000000,r,512
10140000000,r,512
10160000000,r,512
10160000000,r,512
10160000000,r,512
10160000000,r,512
10160000000,r,512
10160000000,r,512
10160000000,r,512
10180000000,s,512
10200000000,r,512
10200000000,r,512
10200000000,r,512
10200000000,r,512
10220000000,r,512
10220000000,r,512
10220000000,r,512
10220000000,r,512
10220000000,r,512
10220000000,r,512
10220000000,r,512
10220000000,r,512
10220000000,r,512
10220000000,r,512
10220000000,r,512
10220000000,r,512
10220000000,r,512
10220000000,r,512
10220000000,r,512
10220000000,r,512
10220000000,r,512
10220000000,r,512
10220000000,r,512
10220000000,r,512
10220000000,s,512
10220000000,r,512
10220000000,r,512
10220000000,r,512
10220000000,r,512
10220000000,r,512
10220000000,r,512
10220000000,r,512
10220000000,r,512
10220000000,r,512
10220000000,r,512
10220000000,r,512
10220000000,r,512
10230000000,r,512
10230000000,r,512
10230000000,r,512
10230000000,r,512
10230000000,r,512
10230000000,r,512
10230000000,r,512
10230000000,s,512
10230000000,s,512
10230000000,s,512
10230000000,s,512
10230000000,s,512
10240000000,s,512
10240000000,s,512
10240000000,s,512
10240000000,s,512
10240000000,s,512
10240000000,s,512
10240000000,s,512
10240000000,s,512
10250000000,s,512
10270000000,r,512
10270000000,r,512
10270000000,r,512
10270000000,r,512
10270000000,r,512
10310000000,r,512
10310000000,r,512
10330000000,s,512
10340000000,s,512
10350000000,r,512
10350000000,r,512
10350000000,r,512
10350000000,r,512
10350000000,r,512
10350000000,r,512
10350000000,r,512
10350000000,s,512
10350000000,s,512
10380000000,r,512
10380000000,r,512
10380000000,r,512
10380000000,r,512
10380000000,r,512
10380000000,r,512
10380000000,r,512
10380000000,r,512
10380000000,r,512
10380000000,r,512
10380000000,r,512
10380000000,r,512
10380000000,r,512
10380000000,r,512
10380000000,r,512
10380000000,r,512
10380000000,r,512
10380000000,r,512
10380000000,r,512
10380000000,r,512
10380000000,r,512
10380000000,r,512
10380000000,r,512
10380000000,r,512
10380000000,r,512
10380000000,s,512
10380000000,r,512
10380000000,r,512
10380000000,r,512
10380000000,r,512
10380000000,r,512
10380000000,r,512
10380000000,r,512
10380000000,r,512
10380000000,r,512
10380000000,s,512
10380000000,s,512
10380000000,r,512
10380000000,r,512
10380000000,r,512
10380000000,r,512
10380000000,r,512
10380000000,r,512
10380000000,r,512
10380000000,s,512
10380000000,s,512
10380000000,r,512
10380000000,r,512
10380000000,r,512
10380000000,r,512
10380000000,s,512
10380000000,r,512
10380000000,r,512
10380000000,r,512
10380000000,r,512
10380000000,r,512
10380000000,r,512
10380000000,r,512
10380000000,r,512
10380000000,r,512
10380000000,r,512
10380000000,r,512
10380000000,r,512
10380000000,r,512
10380000000,r,512
10380000000,r,512
10380000000,r,512
10380000000,r,512
10380000000,r,512
10380000000,r,512
10380000000,r,512
10380000000,r,512
10380000000,r,512
10390000000,r,512
10390000000,r,512
10390000000,s,512
10390000000,r,512
10390000000,r,512
10390000000,r,512
10390000000,r,512
10390000000,r,512
10390000000,r,512
10390000000,r,512
10390000000,r,512
10390000000,r,512
10390000000,r,512
10390000000,r,512
10390000000,r,512
10390000000,r,512
10390000000,r,512
10390000000,r,512
10390000000,r,512
10390000000,r,512
10390000000,r,512
10390000000,r,512
10390000000,r,512
10390000000,r,512
10390000000,r,512
10390000000,r,512
10390000000,r,512
10390000000,r,512
10390000000,r,512
10390000000,r,512
10390000000,r,512
10390000000,r,512
10390000000,r,512
10390000000,s,512
10390000000,r,512
10390000000,r,512
10390000000,r,512
10390000000,r,512
10390000000,r,512
10390000000,r,512
10390000000,r,512
10390000000,r,512
10390000000,r,512
10390000000,r,512
10390000000,r,512
10390000000,r,512
10390000000,r,512
10390000000,r,512
10390000000,r,512
10390000000,r,512
10390000000,r,512
10390000000,r,512
10390000000,r,512
10390000000,r,512
10390000000,r,512
10390000000,r,512
10390000000,r,512
10390000000,r,512
10390000000,r,512
10390000000,r,512
10390000000,r,512
10390000000,r,512
10390000000,r,512
10390000000,r,512
10390000000,r,512
10390000000,r,512
10390000000,r,512
10390000000,r,512
10390000000,r,512
10390000000,r,512
10390000000,r,512
10390000000,r,512
10390000000,r,512
10390000000,r,512
10390000000,r,512
10390000000,r,512
10390000000,r,512
10390000000,r,512
10390000000,r,512
10390000000,r,512
10390000000,s,512
10390000000,r,512
10390000000,r,512
10390000000,r,512
10390000000,r,512
10390000000,r,512
10390000000,r,512
10390000000,r,512
10390000000,r,512
10390000000,r,512
10390000000,r,512
10390000000,r,512
10390000000,r,512
10390000000,r,512
10390000000,r,512
10390000000,r,512
10390000000,r,512
10390000000,r,512
10390000000,r,512
10390000000,r,512
10390000000,r,512
10390000000,r,512
10390000000,r,512
10390000000,r,512
10390000000,r,512
10390000000,s,512
10390000000,r,512
10390000000,r,512
10390000000,r,512
10390000000,r,512
10390000000,r,512
10390000000,r,512
10390000000,r,512
10390000000,r,512
10390000000,r,512
10390000000,r,512
10390000000,r,512
10390000000,r,512
10390000000,r,512
10390000000,r,512
10390000000,r,512
10390000000,r,512
10390000000,r,512
10390000000,r,512
10390000000,r,512
10390000000,r,512
10390000000,r,512
10390000000,r,512
10390000000,r,512
10390000000,r,512
10390000000,r,512
10390000000,r,512
10390000000,s,512
10400000000,r,512
10400000000,s,512
10400000000,r,512
10400000000,r,512
10400000000,r,512
10400000000,r,512
10400000000,r,512
10400000000,r,512
10400000000,r,512
10400000000,r,512
10400000000,r,512
10400000000,r,512
10400000000,r,512
10400000000,r,512
10400000000,r,512
10400000000,r,512
10400000000,r,512
10400000000,r,512
10400000000,r,512
10400000000,r,512
10400000000,r,512
10400000000,r,512
10400000000,r,512
10400000000,r,512
10400000000,r,512
10400000000,r,512
10400000000,r,512
10400000000,r,512
10400000000,r,512
10400000000,r,512
10400000000,r,512
10400000000,r,512
10400000000,r,512
10400000000,r,512
10400000000,r,512
10400000000,r,512
10400000000,r,512
10400000000,r,512
10400000000,r,512
10400000000,r,512
10400000000,r,512
10400000000,r,512
10400000000,r,512
10400000000,r,512
10400000000,r,512
10400000000,r,512
10400000000,r,512
10400000000,r,512
10400000000,r,512
10400000000,r,512
10400000000,r,512
10400000000,r,512
10400000000,r,512
10400000000,r,512
10400000000,r,512
10400000000,r,512
10400000000,r,512
10400000000,r,512
10400000000,r,512
10400000000,r,512
10400000000,r,512
10400000000,r,512
10400000000,r,512
10400000000,r,512
10400000000,r,512
10400000000,r,512
10400000000,r,512
10400000000,r,512
10400000000,r,512
10400000000,r,512
10400000000,r,512
10400000000,r,512
10400000000,r,512
10400000000,s,512
10400000000,r,512
10400000000,r,512
10400000000,s,512
10400000000,r,512
10400000000,r,512
10400000000,r,512
10400000000,r,512
10400000000,r,512
10400000000,r,512
10400000000,r,512
10400000000,r,512
10400000000,r,512
10400000000,r,512
10400000000,r,512
10400000000,r,512
10400000000,r,512
10400000000,r,512
10400000000,r,512
10400000000,r,512
10400000000,r,512
10400000000,r,512
10400000000,r,512
10400000000,r,512
10400000000,r,512
10400000000,r,512
10400000000,r,512
10400000000,r,512
10400000000,r,512
10400000000,r,512
10400000000,r,512
10400000000,r,512
10400000000,r,512
10400000000,r,512
10400000000,s,512
10400000000,s,512
10400000000,r,512
10400000000,r,512
10400000000,r,512
10400000000,r,512
10400000000,r,512
10400000000,r,512
10400000000,r,512
10400000000,r,512
10400000000,r,512
10400000000,r,512
10400000000,r,512
10400000000,r,512
10400000000,r,512
10400000000,r,512
10400000000,r,512
10400000000,r,512
10400000000,r,512
10400000000,r,512
10400000000,r,512
10400000000,r,512
10400000000,r,512
10400000000,r,512
10400000000,r,512
10400000000,r,512
10400000000,r,512
10400000000,r,512
10400000000,r,512
10400000000,r,512
10400000000,r,512
10400000000,r,512
10400000000,r,512
10400000000,r,512
10400000000,r,512
10400000000,r,512
10410000000,r,512
10410000000,r,512
10410000000,r,512
10410000000,r,512
10410000000,r,512
10410000000,r,512
10410000000,r,512
10410000000,r,512
10410000000,r,512
10410000000,r,512
10440000000,r,512
10440000000,r,512
10470000000,r,512
10470000000,r,512
10470000000,r,512
10470000000,r,512
10470000000,r,512
10470000000,r,512
10470000000,r,512
10470000000,s,512
10520000000,r,512
10520000000,r,512
10520000000,r,512
10520000000,r,512
10520000000,r,512
10520000000,r,512
10520000000,r,512
10520000000,r,512
10520000000,r,512
10520000000,r,512
10520000000,r,512
10520000000,s,512
10530000000,r,512
10530000000,r,512
10530000000,r,512
10530000000,r,512
10530000000,r,512
10530000000,r,512
10530000000,r,512
10530000000,s,512
10530000000,r,512
10530000000,s,512
10550000000,r,512
10550000000,r,512
10550000000,r,512
10550000000,r,512
10550000000,r,512
10550000000,r,512
10550000000,r,512
10550000000,r,512
10550000000,r,512
10550000000,r,512
10550000000,r,512
10550000000,r,512
10550000000,r,512
10550000000,r,512
10550000000,s,512
10590000000,r,512
10590000000,r,512
10590000000,r,512
10590000000,r,512
10590000000,r,512
10590000000,r,512
10590000000,r,512
10590000000,r,512
10590000000,r,512
10590000000,r,512
10590000000,r,512
10590000000,r,512
10590000000,r,512
10590000000,r,512
10590000000,r,512
10590000000,r,512
10590000000,r,512
10590000000,r,512
10590000000,r,512
10590000000,r,512
10590000000,r,512
10590000000,r,512
10590000000,r,512
10590000000,s,512
10600000000,r,512
10600000000,r,512
10600000000,r,512
10600000000,r,512
10600000000,r,512
10600000000,r,512
10600000000,r,512
10600000000,r,512
10600000000,r,512
10600000000,r,512
10600000000,r,512
10600000000,r,512
10600000000,r,512
10600000000,r,512
10600000000,s,512
10600000000,r,512
10600000000,r,512
10600000000,r,512
10600000000,r,512
10600000000,r,512
10600000000,r,512
10600000000,r,512
10600000000,r,512
10600000000,r,512
10600000000,r,512
10600000000,r,512
10600000000,r,512
10600000000,r,512
10600000000,r,512
10600000000,r,512
10610000000,s,512
10610000000,s,512
10630000000,r,512
10630000000,r,512
10630000000,r,512
10630000000,r,512
10630000000,r,512
10630000000,r,512
10630000000,r,512
10630000000,r,512
10630000000,r,512
10660000000,r,512
10660000000,r,512
10660000000,r,512
10670000000,s,512
10670000000,s,512
10670000000,r,512
10670000000,r,512
10670000000,r,512
10670000000,r,512
10670000000,r,512
10670000000,r,512
10670000000,r,512
10670000000,r,512
10670000000,r,512
10670000000,r,512
10670000000,r,512
10670000000,r,512
10670000000,r,512
10670000000,r,512
10670000000,r,512
10670000000,s,512
10670000000,s,512
10670000000,s,512
10670000000,s,512
10670000000,s,512
10670000000,s,512
10670000000,s,512
10720000000,r,512
10720000000,r,512
10720000000,r,512
10720000000,r,512
10720000000,r,512
10730000000,s,512
10740000000,r,512
10740000000,r,512
10740000000,r,512
10740000000,r,512
10740000000,r,512
10740000000,s,512
10740000000,r,512
10860000000,r,512
10860000000,r,512
10860000000,r,512
10860000000,r,512
10860000000,r,512
10860000000,r,512
10860000000,r,512
10900000000,s,512
10910000000,s,512
10910000000,s,512
10910000000,s,512
10940000000,r,512
11030000000,r,512
11030000000,r,512
11030000000,r,512
11030000000,r,512
11030000000,r,512
11030000000,r,512
11030000000,r,512
11030000000,s,512
11050000000,s,512
11050000000,r,512
11050000000,r,512
11050000000,r,512
11050000000,r,512
11050000000,r,512
11050000000,r,512
11050000000,r,512
11050000000,r,512
11050000000,r,512
11050000000,r,512
11050000000,r,512
11050000000,r,512
11050000000,r,512
11050000000,r,512
11050000000,r,512
11050000000,r,512
11050000000,r,512
11050000000,r,512
11050000000,r,512
11050000000,r,512
11050000000,r,512
11050000000,r,512
11050000000,r,512
11050000000,r,512
11050000000,r,512
11050000000,r,512
11060000000,s,512
11060000000,s,512
11060000000,s,512
11060000000,s,512
11060000000,s,512
11060000000,s,512
11060000000,r,512
11060000000,r,512
11060000000,r,512
11060000000,r,512
11060000000,r,512
11060000000,r,512
11060000000,r,512
11060000000,r,512
11060000000,r,512
11060000000,r,512
11060000000,r,512
11060000000,r,512
11060000000,r,512
11060000000,r,512
11060000000,r,512
11060000000,r,512
11070000000,s,512
11070000000,s,512
11070000000,s,512
11070000000,s,512
11070000000,s,512
11070000000,s,512
11070000000,s,512
11110000000,r,512
11110000000,r,512
11110000000,r,512
11110000000,r,512
11110000000,r,512
11110000000,r,512
11110000000,r,512
11110000000,r,512
11110000000,r,512
11190000000,r,512
11190000000,r,512
11190000000,r,512
11190000000,r,512
11190000000,r,512
11200000000,s,512
11200000000,s,512
11200000000,s,512
11250000000,r,512
11250000000,r,512
11250000000,s,512
11250000000,s,512
11270000000,r,512
11270000000,r,512
11270000000,r,512
11350000000,r,512
11350000000,r,512
11350000000,r,512
11350000000,r,512
11350000000,s,512
11370000000,r,512
11370000000,r,512
11370000000,s,512
11370000000,s,512
11380000000,r,512
11380000000,r,512
11380000000,s,512
11380000000,s,512
11380000000,s,512
11380000000,s,512
11410000000,s,512
11430000000,s,512
11430000000,s,512
11430000000,s,512
11430000000,s,512
11430000000,r,512
11430000000,r,512
11430000000,r,512
11430000000,s,512
11430000000,s,512
11430000000,s,512
11430000000,s,512
11430000000,s,512
11450000000,r,512
11450000000,r,512
11450000000,r,512
11450000000,r,512
11450000000,r,512
11450000000,s,512
11450000000,s,512
11540000000,r,512
11540000000,r,512
11540000000,s,512
11570000000,s,512
11570000000,s,512
11570000000,s,512
11570000000,s,512
11570000000,s,512
11570000000,s,512
11570000000,s,512
11570000000,s,512
11570000000,s,512
11570000000,s,512
11570000000,s,512
11570000000,s,512
11570000000,s,512
11570000000,s,512
11570000000,s,512
11570000000,s,512
11570000000,s,512
11570000000,s,512
11570000000,s,512
11570000000,s,512
11570000000,s,512
11570000000,s,512
11570000000,s,512
11570000000,s,512
11570000000,s,512
11570000000,s,512
11570000000,s,512
11570000000,s,512
11570000000,s,512
11570000000,s,512
11570000000,s,512
11570000000,s,512
11570000000,s,512
11570000000,s,512
11570000000,s,512
11570000000,s,512
11570000000,s,512
11570000000,s,512
11570000000,s,512
11570000000,s,512
11570000000,s,512
11570000000,s,512
11570000000,s,512
11570000000,s,512
11570000000,s,512
11570000000,s,512
11570000000,s,512
11570000000,s,512
11570000000,s,512
11570000000,s,512
11570000000,s,512
11570000000,s,512
11570000000,s,512
11570000000,s,512
11570000000,s,512
11570000000,s,512
11570000000,s,512
11570000000,s,512
11570000000,s,512
11570000000,s,512
11570000000,s,512
11570000000,s,512
11570000000,s,512
11570000000,s,512
11570000000,s,512
11570000000,s,512
11570000000,s,512
11570000000,s,512
11570000000,s,512
11570000000,s,512
11570000000,s,512
11570000000,s,512
11570000000,s,512
11570000000,s,512
11570000000,s,512
11570000000,s,512
11570000000,s,512
11570000000,s,512
11570000000,s,512
11570000000,s,512
11570000000,s,512
11570000000,s,512
11570000000,s,512
11570000000,s,512
11570000000,s,512
11570000000,s,512
11570000000,s,512
11570000000,s,512
11570000000,s,512
11570000000,s,512
11570000000,s,512
11570000000,s,512
11570000000,s,512
11570000000,s,512
11570000000,s,512
11570000000,s,512
11570000000,s,512
11570000000,s,512
11570000000,s,512
11570000000,s,512
11570000000,s,512
11570000000,s,512
11570000000,s,512
11570000000,s,512
11570000000,s,512
11570000000,s,512
11570000000,s,512
11570000000,s,512
11570000000,s,512
11570000000,s,512
11570000000,s,512
11570000000,s,512
11570000000,s,512
11570000000,s,512
11570000000,s,512
11570000000,s,512
11570000000,s,512
11570000000,s,512
11570000000,s,512
11570000000,s,512
11570000000,s,512
11570000000,s,512
11570000000,s,512
11570000000,s,512
11570000000,s,512
11570000000,s,512
11570000000,s,512
11570000000,s,512
11570000000,s,512
11570000000,s,512
11570000000,s,512
11570000000,s,512
11570000000,s,512
11570000000,s,512
11570000000,s,512
11570000000,s,512
11570000000,s,512
11570000000,s,512
11570000000,s,512
11570000000,s,512
11570000000,s,512
11570000000,s,512
11570000000,s,512
11570000000,s,512
11570000000,s,512
11570000000,s,512
11570000000,s,512
11570000000,s,512
11570000000,s,512
11570000000,s,512
11570000000,s,512
11570000000,s,512
11570000000,s,512
11570000000,s,512
11570000000,s,512
11570000000,s,512
11570000000,s,512
11570000000,s,512
11570000000,s,512
11570000000,s,512
11570000000,s,512
11570000000,s,512
11570000000,s,512
11570000000,s,512
11570000000,s,512
11570000000,s,512
11570000000,s,512
11570000000,s,512
11570000000,s,512
11570000000,s,512
11570000000,s,512
11570000000,s,512
11570000000,s,512
11570000000,s,512
11570000000,s,512
11570000000,s,512
11570000000,s,512
11570000000,s,512
11570000000,s,512
11570000000,s,512
11570000000,s,512
11570000000,s,512
11570000000,s,512
11570000000,s,512
11570000000,s,512
11570000000,s,512
11570000000,s,512
11570000000,s,512
11570000000,s,512
11570000000,s,512
11570000000,s,512
11570000000,s,512
11570000000,s,512
11570000000,s,512
11570000000,s,512
11570000000,s,512
11570000000,s,512
11570000000,s,512
11570000000,s,512
11570000000,s,512
11570000000,s,512
11570000000,s,512
11570000000,s,512
11570000000,s,512
11570000000,s,512
11570000000,s,512
11570000000,s,512
11570000000,s,512
11570000000,s,512
11570000000,s,512
11570000000,s,512
11570000000,s,512
11570000000,s,512
11570000000,s,512
11570000000,s,512
11570000000,s,512
11570000000,s,512
11570000000,s,512
11570000000,s,512
11570000000,s,512
11570000000,s,512
11570000000,s,512
11570000000,s,512
11570000000,s,512
11570000000,s,512
11570000000,s,512
11570000000,s,512
11570000000,s,512
11570000000,s,512
11570000000,s,512
11570000000,s,512
11570000000,s,512
11570000000,s,512
11570000000,s,512
11570000000,s,512
11570000000,s,512
11570000000,s,512
11570000000,s,512
11570000000,s,512
11570000000,s,512
11570000000,s,512
11570000000,s,512
11570000000,s,512
11570000000,s,512
11570000000,s,512
11570000000,s,512
11570000000,s,512
11570000000,s,512
11570000000,s,512
11570000000,s,512
11570000000,s,512
11570000000,s,512
11570000000,s,512
11570000000,s,512
11570000000,s,512
11570000000,s,512
11570000000,s,512
11570000000,s,512
11570000000,s,512
11570000000,s,512
11570000000,s,512
11570000000,s,512
11570000000,s,512
11570000000,s,512
11570000000,s,512
11570000000,s,512
11570000000,s,512
11570000000,s,512
11570000000,s,512
11570000000,s,512
11570000000,s,512
11570000000,s,512
11570000000,s,512
11570000000,s,512
11570000000,s,512
11570000000,s,512
11570000000,s,512
11570000000,s,512
11570000000,s,512
11570000000,s,512
11570000000,s,512
11570000000,s,512
11570000000,s,512
11570000000,s,512
11570000000,s,512
11570000000,s,512
11570000000,s,512
11570000000,s,512
11570000000,s,512
11570000000,s,512
11570000000,s,512
11570000000,s,512
11570000000,s,512
11570000000,s,512
11570000000,s,512
11570000000,s,512
11570000000,s,512
11570000000,s,512
11570000000,s,512
11570000000,s,512
11570000000,s,512
11570000000,s,512
11570000000,s,512
11570000000,s,512
11570000000,s,512
11570000000,s,512
11570000000,s,512
11570000000,s,512
11570000000,s,512
11570000000,s,512
11570000000,s,512
11570000000,s,512
11570000000,s,512
11570000000,s,512
11570000000,s,512
11570000000,s,512
11570000000,s,512
11570000000,s,512
11570000000,s,512
11570000000,s,512
11570000000,s,512
11570000000,s,512
11570000000,s,512
11570000000,s,512
11570000000,s,512
11570000000,s,512
11570000000,s,512
11570000000,s,512
11570000000,s,512
11570000000,s,512
11570000000,s,512
11570000000,s,512
11570000000,s,512
11570000000,s,512
11570000000,s,512
11570000000,s,512
11570000000,s,512
11570000000,s,512
11570000000,s,512
11570000000,s,512
11570000000,s,512
11570000000,s,512
11570000000,s,512
11570000000,s,512
11570000000,s,512
11570000000,s,512
11570000000,s,512
11570000000,s,512
11570000000,s,512
11570000000,s,512
11570000000,s,512
11570000000,s,512
11570000000,s,512
11570000000,s,512
11570000000,s,512
11570000000,s,512
11570000000,s,512
11570000000,s,512
11570000000,s,512
11570000000,s,512
11570000000,s,512
11570000000,s,512
11570000000,s,512
11620000000,r,512
11620000000,r,512
11620000000,r,512
11680000000,r,512
11700000000,r,512
11700000000,r,512
11700000000,s,512
11700000000,r,512
11720000000,r,512
11720000000,r,512
11720000000,r,512
11720000000,r,512
11720000000,r,512
11720000000,r,512
11720000000,r,512
11720000000,r,512
11720000000,r,512
11720000000,r,512
11720000000,r,512
11720000000,r,512
11720000000,r,512
11720000000,r,512
11720000000,r,512
11720000000,r,512
11720000000,r,512
11720000000,r,512
11720000000,r,512
11720000000,r,512
11720000000,r,512
11720000000,r,512
11720000000,r,512
11720000000,r,512
11720000000,r,512
11720000000,r,512
11720000000,r,512
11720000000,s,512
11720000000,r,512
11720000000,r,512
11720000000,r,512
11720000000,r,512
11720000000,r,512
11720000000,r,512
11720000000,r,512
11720000000,r,512
11730000000,r,512
11730000000,r,512
11730000000,r,512
11730000000,r,512
11730000000,r,512
11730000000,r,512
11730000000,r,512
11730000000,r,512
11730000000,r,512
11730000000,r,512
11730000000,r,512
11730000000,r,512
11730000000,r,512
11730000000,r,512
11730000000,r,512
11730000000,r,512
11730000000,r,512
11730000000,r,512
11730000000,r,512
11730000000,r,512
11730000000,r,512
11730000000,r,512
11730000000,r,512
11730000000,r,512
11730000000,r,512
11730000000,r,512
11730000000,r,512
11730000000,r,512
11730000000,r,512
11730000000,r,512
11730000000,r,512
11730000000,r,512
11730000000,r,512
11730000000,r,512
11730000000,r,512
11730000000,r,512
11730000000,r,512
11730000000,r,512
11730000000,r,512
11730000000,r,512
11730000000,r,512
11730000000,s,512
11730000000,r,512
11730000000,r,512
11730000000,r,512
11730000000,r,512
11730000000,r,512
11730000000,r,512
11730000000,r,512
11730000000,r,512
11730000000,r,512
11730000000,r,512
11730000000,r,512
11730000000,r,512
11730000000,r,512
11730000000,r,512
11730000000,r,512
11730000000,r,512
11730000000,r,512
11730000000,r,512
11730000000,r,512
11730000000,r,512
11730000000,r,512
11730000000,r,512
11730000000,s,512
11730000000,s,512
11730000000,s,512
11730000000,s,512
11730000000,s,512
11730000000,s,512
11730000000,s,512
11730000000,s,512
11730000000,s,512
11730000000,s,512
11730000000,s,512
11730000000,s,512
11730000000,s,512
11730000000,s,512
11730000000,s,512
11730000000,s,512
11730000000,s,512
11730000000,s,512
11730000000,s,512
11730000000,s,512
11730000000,s,512
11730000000,s,512
11730000000,s,512
11730000000,s,512
11730000000,s,512
11730000000,s,512
11730000000,s,512
11730000000,s,512
11730000000,s,512
11730000000,s,512
11730000000,s,512
11730000000,s,512
11730000000,s,512
11730000000,s,512
11730000000,s,512
11730000000,s,512
11730000000,s,512
11730000000,s,512
11730000000,s,512
11730000000,s,512
11730000000,s,512
11730000000,s,512
11730000000,s,512
11730000000,s,512
11730000000,s,512
11730000000,s,512
11730000000,s,512
11730000000,s,512
11730000000,s,512
11730000000,s,512
11730000000,s,512
11730000000,s,512
11730000000,s,512
11730000000,s,512
11730000000,s,512
11730000000,s,512
11730000000,s,512
11730000000,s,512
11730000000,s,512
11730000000,s,512
11730000000,s,512
11730000000,s,512
11730000000,s,512
11730000000,s,512
11730000000,s,512
11730000000,s,512
11730000000,s,512
11730000000,s,512
11730000000,s,512
11730000000,s,512
11730000000,s,512
11730000000,s,512
11730000000,s,512
11730000000,s,512
11730000000,s,512
11730000000,s,512
11730000000,s,512
11730000000,s,512
11730000000,s,512
11730000000,s,512
11730000000,s,512
11730000000,s,512
11730000000,s,512
11730000000,s,512
11730000000,s,512
11730000000,s,512
11730000000,s,512
11730000000,s,512
11730000000,s,512
11730000000,s,512
11730000000,s,512
11730000000,s,512
11730000000,s,512
11730000000,s,512
11730000000,s,512
11730000000,s,512
11730000000,s,512
11730000000,s,512
11730000000,s,512
11730000000,s,512
11730000000,s,512
11730000000,s,512
11730000000,s,512
11730000000,s,512
11730000000,s,512
11730000000,s,512
11730000000,s,512
11730000000,s,512
11730000000,s,512
11730000000,s,512
11730000000,s,512
11730000000,s,512
11730000000,s,512
11730000000,s,512
11730000000,s,512
11730000000,s,512
11730000000,s,512
11730000000,s,512
11730000000,s,512
11730000000,s,512
11730000000,s,512
11730000000,s,512
11730000000,s,512
11730000000,s,512
11730000000,s,512
11730000000,s,512
11730000000,s,512
11730000000,s,512
11730000000,s,512
11730000000,s,512
11730000000,s,512
11730000000,s,512
11730000000,s,512
11730000000,s,512
11730000000,s,512
11730000000,s,512
11730000000,s,512
11730000000,s,512
11740000000,r,512
11740000000,s,512
11740000000,r,512
11740000000,r,512
11740000000,r,512
11740000000,r,512
11740000000,r,512
11740000000,r,512
11740000000,r,512
11740000000,s,512
11740000000,s,512
11780000000,r,512
11780000000,r,512
11780000000,r,512
11780000000,r,512
11780000000,r,512
11780000000,r,512
11860000000,r,512
11860000000,r,512
11860000000,r,512
11860000000,r,512
11860000000,r,512
11860000000,s,512
11940000000,r,512
11940000000,r,512
11940000000,s,512
11940000000,s,512
11940000000,s,512
11940000000,s,512
11940000000,s,512
11940000000,s,512
11940000000,s,512
11940000000,s,512
11940000000,s,512
11940000000,s,512
11940000000,s,512
11940000000,s,512
11940000000,s,512
11940000000,s,512
11940000000,s,512
11940000000,s,512
11940000000,s,512
11940000000,s,512
11940000000,s,512
11940000000,s,512
11940000000,s,512
11940000000,s,512
11940000000,s,512
11940000000,s,512
11940000000,s,512
11940000000,s,512
11940000000,s,512
11940000000,s,512
11940000000,s,512
11940000000,s,512
11940000000,s,512
11940000000,s,512
11940000000,s,512
11940000000,s,512
11940000000,s,512
11940000000,s,512
11940000000,s,512
11940000000,s,512
11940000000,s,512
11940000000,s,512
11940000000,s,512
11940000000,s,512
11940000000,s,512
11940000000,s,512
11940000000,s,512
11940000000,s,512
11940000000,s,512
11940000000,s,512
11940000000,s,512
11940000000,s,512
12050000000,r,512
12050000000,s,512
12050000000,s,512
12050000000,s,512
12050000000,s,512
12050000000,s,512
12050000000,s,512
12050000000,s,512
12050000000,s,512
12050000000,s,512
12050000000,s,512
12050000000,s,512
12050000000,s,512
12050000000,s,512
12050000000,s,512
12050000000,s,512
12050000000,s,512
12050000000,r,512
12050000000,r,512
12050000000,s,512
12050000000,s,512
12050000000,s,512
12050000000,s,512
12050000000,s,512
12050000000,s,512
12050000000,s,512
12050000000,s,512
12050000000,s,512
12050000000,s,512
12050000000,s,512
12050000000,s,512
12050000000,s,512
12050000000,s,512
12050000000,s,512
12050000000,s,512
12050000000,s,512
12050000000,s,512
12050000000,s,512
12050000000,s,512
12050000000,s,512
12050000000,s,512
12050000000,s,512
12050000000,s,512
12050000000,s,512
12050000000,s,512
12050000000,s,512
12050000000,s,512
12050000000,s,512
12050000000,s,512
12050000000,s,512
12050000000,s,512
12050000000,s,512
12050000000,s,512
12050000000,s,512
12050000000,s,512
12050000000,s,512
12050000000,s,512
12050000000,s,512
12050000000,s,512
12050000000,s,512
12050000000,s,512
12050000000,s,512
12050000000,s,512
12050000000,s,512
12050000000,s,512
12050000000,s,512
12050000000,s,512
12050000000,s,512
12050000000,s,512
12050000000,s,512
12050000000,s,512
12050000000,s,512
12050000000,s,512
12050000000,s,512
12050000000,s,512
12050000000,s,512
12050000000,s,512
12050000000,s,512
12050000000,s,512
12050000000,s,512
12050000000,s,512
12050000000,s,512
12050000000,s,512
12050000000,s,512
12050000000,s,512
12050000000,s,512
12050000000,s,512
12050000000,s,512
12050000000,s,512
12050000000,s,512
12050000000,s,512
12050000000,s,512
12050000000,s,512
12050000000,s,512
12050000000,s,512
12050000000,s,512
12050000000,s,512
12050000000,s,512
12050000000,s,512
12050000000,s,512
12050000000,s,512
12050000000,s,512
12050000000,s,512
12080000000,s,512
12100000000,r,512
12100000000,s,512
12100000000,s,512
12100000000,s,512
12100000000,s,512
12100000000,s,512
12100000000,s,512
12100000000,s,512
12100000000,s,512
12100000000,s,512
12100000000,s,512
12100000000,s,512
12100000000,s,512
12100000000,s,512
12100000000,s,512
12100000000,s,512
12110000000,s,512
12110000000,s,512
12110000000,s,512
12110000000,s,512
12110000000,s,512
12110000000,s,512
12110000000,s,512
12110000000,s,512
12110000000,s,512
12110000000,s,512
12110000000,s,512
12110000000,s,512
12110000000,s,512
12110000000,s,512
12110000000,s,512
12110000000,s,512
12110000000,s,512
12110000000,s,512
12110000000,s,512
12110000000,s,512
12110000000,s,512
12110000000,s,512
12110000000,s,512
12110000000,s,512
12110000000,s,512
12110000000,s,512
12110000000,s,512
12110000000,s,512
12110000000,s,512
12110000000,s,512
12110000000,s,512
12110000000,s,512
12110000000,s,512
12110000000,s,512
12110000000,s,512
12110000000,r,512
12110000000,r,512
12110000000,s,512
12110000000,s,512
12110000000,s,512
12110000000,s,512
12110000000,s,512
12110000000,s,512
12110000000,s,512
12110000000,s,512
12110000000,s,512
12110000000,s,512
12110000000,s,512
12110000000,s,512
12110000000,s,512
12110000000,s,512
12110000000,s,512
12110000000,s,512
12110000000,s,512
12110000000,s,512
12110000000,s,512
12110000000,s,512
12110000000,s,512
12110000000,s,512
12110000000,s,512
12110000000,s,512
12110000000,s,512
12110000000,s,512
12110000000,s,512
12110000000,s,512
12110000000,s,512
12110000000,s,512
12110000000,s,512
12110000000,r,512
12110000000,r,512
12110000000,s,512
12110000000,s,512
12110000000,s,512
12110000000,s,512
12110000000,s,512
12110000000,s,512
12110000000,s,512
12110000000,s,512
12110000000,s,512
12110000000,s,512
12110000000,s,512
12110000000,s,512
12110000000,s,512
12110000000,s,512
12110000000,s,512
12110000000,s,512
12110000000,s,512
12110000000,s,512
12110000000,s,512
12110000000,s,512
12110000000,s,512
12110000000,s,512
12110000000,s,512
12110000000,s,512
12110000000,s,512
12110000000,s,512
12110000000,s,512
12110000000,s,512
12110000000,s,512
12110000000,s,512
12110000000,s,512
12110000000,s,512
12110000000,s,512
12110000000,s,512
12110000000,s,512
12110000000,s,512
12110000000,s,512
12110000000,s,512
12110000000,s,512
12110000000,s,512
12110000000,s,512
12110000000,s,512
12110000000,s,512
12110000000,s,512
12110000000,s,512
12110000000,s,512
12110000000,s,512
12110000000,s,512
12110000000,s,512
12110000000,s,512
12110000000,s,512
12110000000,s,512
12110000000,s,512
12110000000,s,512
12110000000,s,512
12110000000,s,512
12110000000,s,512
12110000000,s,512
12110000000,s,512
12110000000,s,512
12110000000,s,512
12110000000,s,512
12110000000,s,512
12110000000,s,512
12110000000,s,512
12110000000,s,512
12110000000,s,512
12110000000,s,512
12110000000,s,512
12130000000,r,512
12130000000,s,512
12130000000,s,512
12130000000,s,512
12130000000,s,512
12130000000,s,512
12130000000,s,512
12130000000,s,512
12130000000,s,512
12130000000,s,512
12130000000,s,512
12130000000,s,512
12130000000,s,512
12130000000,s,512
12130000000,s,512
12130000000,s,512
12130000000,s,512
12130000000,s,512
12130000000,s,512
12130000000,s,512
12130000000,s,512
12130000000,s,512
12130000000,s,512
12130000000,s,512
12130000000,s,512
12130000000,s,512
12130000000,s,512
12130000000,s,512
12130000000,s,512
12130000000,s,512
12130000000,s,512
12130000000,s,512
12130000000,s,512
12130000000,s,512
12130000000,s,512
12130000000,s,512
12130000000,s,512
12130000000,s,512
12130000000,s,512
12130000000,s,512
12130000000,s,512
12130000000,s,512
12130000000,s,512
12130000000,s,512
12130000000,s,512
12130000000,s,512
12130000000,s,512
12130000000,s,512
12130000000,s,512
12130000000,s,512
12130000000,s,512
12210000000,r,512
12210000000,s,512
12210000000,s,512
12210000000,s,512
12210000000,s,512
12210000000,s,512
12210000000,s,512
12210000000,s,512
12210000000,s,512
12210000000,s,512
12210000000,s,512
12210000000,s,512
12210000000,s,512
12210000000,s,512
12210000000,r,512
12210000000,s,512
12210000000,s,512
12210000000,s,512
12210000000,s,512
12210000000,s,512
12210000000,s,512
12210000000,s,512
12210000000,s,512
12210000000,s,512
12210000000,s,512
12210000000,s,512
12210000000,s,512
12210000000,s,512
12210000000,s,512
12210000000,s,512
12210000000,s,512
12210000000,s,512
12210000000,s,512
12210000000,s,512
12210000000,s,512
12210000000,s,512
12210000000,s,512
12210000000,s,512
12210000000,s,512
12210000000,s,512
12210000000,s,512
12210000000,s,512
12210000000,s,512
12210000000,s,512
12210000000,s,512
12210000000,s,512
12210000000,s,512
12210000000,s,512
12210000000,s,512
12210000000,s,512
12210000000,s,512
12210000000,s,512
12270000000,r,512
12270000000,s,512
12270000000,s,512
12270000000,s,512
12270000000,s,512
12270000000,s,512
12270000000,s,512
12270000000,s,512
12270000000,s,512
12270000000,s,512
12270000000,s,512
12270000000,s,512
12270000000,s,512
12270000000,s,512
12270000000,s,512
12270000000,s,512
12270000000,s,512
12270000000,s,512
12270000000,s,512
12270000000,s,512
12270000000,s,512
12270000000,s,512
12270000000,s,512
12270000000,s,512
12270000000,s,512
12270000000,s,512
12270000000,s,512
12270000000,s,512
12270000000,s,512
12270000000,s,512
12270000000,s,512
12270000000,s,512
12270000000,s,512
12270000000,s,512
12270000000,s,512
12270000000,s,512
12270000000,s,512
12270000000,s,512
12270000000,s,512
12270000000,s,512
12270000000,s,512
12270000000,s,512
12270000000,s,512
12270000000,s,512
12270000000,s,512
12270000000,s,512
12270000000,s,512
12270000000,s,512
12270000000,s,512
12270000000,s,512
12270000000,s,512
12290000000,r,512
12290000000,s,512
12290000000,s,512
12290000000,s,512
12290000000,s,512
12290000000,s,512
12290000000,s,512
12290000000,s,512
12290000000,s,512
12290000000,s,512
12290000000,s,512
12290000000,s,512
12290000000,s,512
12290000000,r,512
12290000000,s,512
12290000000,s,512
12290000000,s,512
12290000000,s,512
12290000000,s,512
12290000000,s,512
12290000000,s,512
12290000000,s,512
12290000000,s,512
12290000000,s,512
12290000000,s,512
12290000000,s,512
12290000000,s,512
12290000000,s,512
12290000000,s,512
12290000000,s,512
12290000000,s,512
12290000000,s,512
12290000000,s,512
12290000000,s,512
12290000000,s,512
12290000000,s,512
12290000000,s,512
12290000000,s,512
12290000000,s,512
12290000000,s,512
12290000000,s,512
12290000000,s,512
12290000000,s,512
12290000000,s,512
12290000000,s,512
12290000000,s,512
12290000000,s,512
12290000000,s,512
12290000000,s,512
12290000000,s,512
12290000000,s,512
12290000000,s,512
12340000000,r,512
12340000000,r,512
12340000000,s,512
12340000000,s,512
12340000000,s,512
12340000000,s,512
12370000000,r,512
12370000000,s,512
12370000000,s,512
12370000000,s,512
12370000000,s,512
12370000000,s,512
12370000000,s,512
12370000000,s,512
12370000000,s,512
12370000000,s,512
12370000000,s,512
12370000000,s,512
12370000000,s,512
12370000000,s,512
12370000000,s,512
12370000000,s,512
12370000000,s,512
12370000000,s,512
12370000000,s,512
12370000000,s,512
12370000000,s,512
12370000000,s,512
12370000000,s,512
12370000000,s,512
12370000000,s,512
12370000000,s,512
12370000000,s,512
12370000000,s,512
12370000000,s,512
12370000000,r,512
12370000000,s,512
12370000000,s,512
12370000000,s,512
12370000000,s,512
12370000000,s,512
12370000000,s,512
12370000000,s,512
12370000000,s,512
12370000000,s,512
12370000000,s,512
12370000000,s,512
12370000000,s,512
12370000000,s,512
12370000000,s,512
12370000000,s,512
12370000000,s,512
12370000000,s,512
12370000000,s,512
12370000000,s,512
12370000000,s,512
12370000000,s,512
12370000000,s,512
12370000000,s,512
12370000000,s,512
12370000000,s,512
12370000000,s,512
12370000000,s,512
12370000000,s,512
12370000000,s,512
12370000000,s,512
12370000000,s,512
12370000000,s,512
12370000000,s,512
12370000000,s,512
12370000000,s,512
12370000000,s,512
12370000000,s,512
12370000000,s,512
12370000000,s,512
12370000000,s,512
12370000000,s,512
12370000000,s,512
12370000000,s,512
12370000000,s,512
12370000000,s,512
12370000000,s,512
12370000000,s,512
12370000000,s,512
12370000000,s,512
12370000000,s,512
12370000000,s,512
12370000000,s,512
12370000000,s,512
12370000000,s,512
12370000000,s,512
12370000000,s,512
12370000000,s,512
12370000000,s,512
12370000000,s,512
12370000000,s,512
12370000000,s,512
12370000000,s,512
12370000000,s,512
12370000000,s,512
12370000000,s,512
12370000000,s,512
12370000000,s,512
12370000000,s,512
12370000000,s,512
12370000000,s,512
12370000000,s,512
12370000000,s,512
12400000000,r,512
12410000000,r,512
12410000000,s,512
12410000000,s,512
12410000000,s,512
12410000000,s,512
12410000000,s,512
12410000000,s,512
12410000000,s,512
12410000000,s,512
12410000000,s,512
12410000000,s,512
12410000000,s,512
12410000000,s,512
12410000000,s,512
12410000000,s,512
12410000000,s,512
12410000000,s,512
12410000000,s,512
12410000000,s,512
12410000000,s,512
12410000000,s,512
12410000000,s,512
12410000000,s,512
12410000000,s,512
12410000000,s,512
12410000000,s,512
12410000000,s,512
12410000000,s,512
12410000000,r,512
12410000000,r,512
12410000000,r,512
12410000000,r,512
12410000000,r,512
12410000000,r,512
12410000000,r,512
12410000000,s,512
12410000000,s,512
12410000000,s,512
12410000000,s,512
12420000000,r,512
12420000000,r,512
12420000000,r,512
12420000000,r,512
12420000000,r,512
12420000000,s,512
12450000000,r,512
12450000000,r,512
12450000000,r,512
12450000000,s,512
12540000000,r,512
12540000000,r,512
12570000000,r,512
12570000000,r,512
12670000000,r,512
12670000000,r,512
12700000000,r,512
12700000000,r,512
12700000000,r,512
12700000000,r,512
12700000000,r,512
12700000000,r,512
12700000000,r,512
12700000000,s,512
12700000000,s,512
12780000000,r,512
12780000000,r,512
12860000000,r,512
12860000000,r,512
12960000000,r,512
13000000000,r,512
13000000000,r,512
13000000000,r,512
13000000000,s,512
19990000000,s,512
19990000000,s,512
20400000000,r,512
20400000000,r,512
20400000000,r,512
20400000000,r,512
20400000000,s,512
20400000000,s,512
